;  LST file generated by mikroListExporter - v.2.0 
; Date/Time: 5/1/2012 2:02:48 PM
;----------------------------------------------

;Address Opcode 	ASM
0x0000	0x2A8F      	GOTO       655
_Delay_50us:
;__Lib_Delays.c,19 :: 		void Delay_50us() {
;__Lib_Delays.c,20 :: 		Delay_us(50);
0x0003	0x3010      	MOVLW      16
0x0004	0x1283      	BCF        STATUS, 5
0x0005	0x1303      	BCF        STATUS, 6
0x0006	0x00FD      	MOVWF      R13
L_Delay_50us2:
0x0007	0x0BFD      	DECFSZ     R13, 1
0x0008	0x2807      	GOTO       L_Delay_50us2
0x0009	0x0000      	NOP
;__Lib_Delays.c,21 :: 		}
0x000A	0x0008      	RETURN
; end of _Delay_50us
_Delay_1us:
;__Lib_Delays.c,7 :: 		void Delay_1us() {
;__Lib_Delays.c,8 :: 		Delay_us(1);
0x000B	0x0000      	NOP
;__Lib_Delays.c,9 :: 		}
0x000C	0x0008      	RETURN
; end of _Delay_1us
_Delay_5500us:
;__Lib_Delays.c,31 :: 		void Delay_5500us() {
;__Lib_Delays.c,32 :: 		Delay_us(5500);
0x000D	0x3008      	MOVLW      8
0x000E	0x1283      	BCF        STATUS, 5
0x000F	0x1303      	BCF        STATUS, 6
0x0010	0x00FC      	MOVWF      R12
0x0011	0x3023      	MOVLW      35
0x0012	0x00FD      	MOVWF      R13
L_Delay_5500us5:
0x0013	0x0BFD      	DECFSZ     R13, 1
0x0014	0x2813      	GOTO       L_Delay_5500us5
0x0015	0x0BFC      	DECFSZ     R12, 1
0x0016	0x2813      	GOTO       L_Delay_5500us5
;__Lib_Delays.c,33 :: 		}
0x0017	0x0008      	RETURN
; end of _Delay_5500us
_SETFUN32:
;__Lib_MathDouble.c,138 :: 		
;__Lib_MathDouble.c,145 :: 		
0x0018	0x157B      	BSF        R11, 2
;__Lib_MathDouble.c,146 :: 		
0x0019	0x1FFB      	BTFSS      R11, 7
;__Lib_MathDouble.c,147 :: 		
0x001A	0x2822      	GOTO       SETFUN32EEE
;__Lib_MathDouble.c,148 :: 		
0x001B	0x3001      	MOVLW      1
;__Lib_MathDouble.c,149 :: 		
0x001C	0x00F3      	MOVWF      R3
;__Lib_MathDouble.c,150 :: 		
0x001D	0x01F2      	CLRF       R2
;__Lib_MathDouble.c,151 :: 		
0x001E	0x01F1      	CLRF       R1
;__Lib_MathDouble.c,152 :: 		
0x001F	0x01F0      	CLRF       R0
;__Lib_MathDouble.c,153 :: 		
0x0020	0x0DFA      	RLF        R10, 1
;__Lib_MathDouble.c,154 :: 		
0x0021	0x0CF2      	RRF        R2, 1
;__Lib_MathDouble.c,155 :: 		
SETFUN32EEE:
;__Lib_MathDouble.c,156 :: 		
0x0022	0x30FF      	MOVLW      255
;__Lib_MathDouble.c,158 :: 		
0x0023	0x0008      	RETURN
; end of _SETFUN32
_Lcd_Cmd:
;__Lib_Lcd.c,18 :: 		
;__Lib_Lcd.c,20 :: 		
0x0024	0x1283      	BCF        STATUS, 5
0x0025	0x1303      	BCF        STATUS, 6
0x0026	0x1BE1      	BTFSC      FARG_Lcd_Cmd_out_char, 7
0x0027	0x282A      	GOTO       L__Lcd_Cmd20
0x0028	0x1186      	BCF        LCD_D7, BitPos(LCD_D7+0)
0x0029	0x282B      	GOTO       L__Lcd_Cmd21
L__Lcd_Cmd20:
0x002A	0x1586      	BSF        LCD_D7, BitPos(LCD_D7+0)
L__Lcd_Cmd21:
;__Lib_Lcd.c,21 :: 		
0x002B	0x1B61      	BTFSC      FARG_Lcd_Cmd_out_char, 6
0x002C	0x282F      	GOTO       L__Lcd_Cmd22
0x002D	0x1106      	BCF        LCD_D6, BitPos(LCD_D6+0)
0x002E	0x2830      	GOTO       L__Lcd_Cmd23
L__Lcd_Cmd22:
0x002F	0x1506      	BSF        LCD_D6, BitPos(LCD_D6+0)
L__Lcd_Cmd23:
;__Lib_Lcd.c,22 :: 		
0x0030	0x1AE1      	BTFSC      FARG_Lcd_Cmd_out_char, 5
0x0031	0x2834      	GOTO       L__Lcd_Cmd24
0x0032	0x1086      	BCF        LCD_D5, BitPos(LCD_D5+0)
0x0033	0x2835      	GOTO       L__Lcd_Cmd25
L__Lcd_Cmd24:
0x0034	0x1486      	BSF        LCD_D5, BitPos(LCD_D5+0)
L__Lcd_Cmd25:
;__Lib_Lcd.c,23 :: 		
0x0035	0x1A61      	BTFSC      FARG_Lcd_Cmd_out_char, 4
0x0036	0x2839      	GOTO       L__Lcd_Cmd26
0x0037	0x1006      	BCF        LCD_D4, BitPos(LCD_D4+0)
0x0038	0x283A      	GOTO       L__Lcd_Cmd27
L__Lcd_Cmd26:
0x0039	0x1406      	BSF        LCD_D4, BitPos(LCD_D4+0)
L__Lcd_Cmd27:
;__Lib_Lcd.c,25 :: 		
0x003A	0x1853      	BTFSC      __Lib_Lcd_cmd_status, BitPos(__Lib_Lcd_cmd_status+0)
0x003B	0x283E      	GOTO       L__Lcd_Cmd28
0x003C	0x1606      	BSF        LCD_RS, BitPos(LCD_RS+0)
0x003D	0x283F      	GOTO       L__Lcd_Cmd29
L__Lcd_Cmd28:
0x003E	0x1206      	BCF        LCD_RS, BitPos(LCD_RS+0)
L__Lcd_Cmd29:
;__Lib_Lcd.c,28 :: 		
0x003F	0x1686      	BSF        LCD_EN, BitPos(LCD_EN+0)
;__Lib_Lcd.c,29 :: 		
0x0040	0x200B      	CALL       _Delay_1us
;__Lib_Lcd.c,30 :: 		
0x0041	0x1286      	BCF        LCD_EN, BitPos(LCD_EN+0)
;__Lib_Lcd.c,33 :: 		
0x0042	0x19E1      	BTFSC      FARG_Lcd_Cmd_out_char, 3
0x0043	0x2846      	GOTO       L__Lcd_Cmd30
0x0044	0x1186      	BCF        LCD_D7, BitPos(LCD_D7+0)
0x0045	0x2847      	GOTO       L__Lcd_Cmd31
L__Lcd_Cmd30:
0x0046	0x1586      	BSF        LCD_D7, BitPos(LCD_D7+0)
L__Lcd_Cmd31:
;__Lib_Lcd.c,34 :: 		
0x0047	0x1961      	BTFSC      FARG_Lcd_Cmd_out_char, 2
0x0048	0x284B      	GOTO       L__Lcd_Cmd32
0x0049	0x1106      	BCF        LCD_D6, BitPos(LCD_D6+0)
0x004A	0x284C      	GOTO       L__Lcd_Cmd33
L__Lcd_Cmd32:
0x004B	0x1506      	BSF        LCD_D6, BitPos(LCD_D6+0)
L__Lcd_Cmd33:
;__Lib_Lcd.c,35 :: 		
0x004C	0x18E1      	BTFSC      FARG_Lcd_Cmd_out_char, 1
0x004D	0x2850      	GOTO       L__Lcd_Cmd34
0x004E	0x1086      	BCF        LCD_D5, BitPos(LCD_D5+0)
0x004F	0x2851      	GOTO       L__Lcd_Cmd35
L__Lcd_Cmd34:
0x0050	0x1486      	BSF        LCD_D5, BitPos(LCD_D5+0)
L__Lcd_Cmd35:
;__Lib_Lcd.c,36 :: 		
0x0051	0x1861      	BTFSC      FARG_Lcd_Cmd_out_char, 0
0x0052	0x2855      	GOTO       L__Lcd_Cmd36
0x0053	0x1006      	BCF        LCD_D4, BitPos(LCD_D4+0)
0x0054	0x2856      	GOTO       L__Lcd_Cmd37
L__Lcd_Cmd36:
0x0055	0x1406      	BSF        LCD_D4, BitPos(LCD_D4+0)
L__Lcd_Cmd37:
;__Lib_Lcd.c,38 :: 		
0x0056	0x1853      	BTFSC      __Lib_Lcd_cmd_status, BitPos(__Lib_Lcd_cmd_status+0)
0x0057	0x285A      	GOTO       L__Lcd_Cmd38
0x0058	0x1606      	BSF        LCD_RS, BitPos(LCD_RS+0)
0x0059	0x285B      	GOTO       L__Lcd_Cmd39
L__Lcd_Cmd38:
0x005A	0x1206      	BCF        LCD_RS, BitPos(LCD_RS+0)
L__Lcd_Cmd39:
;__Lib_Lcd.c,40 :: 		
0x005B	0x1686      	BSF        LCD_EN, BitPos(LCD_EN+0)
;__Lib_Lcd.c,41 :: 		
0x005C	0x200B      	CALL       _Delay_1us
;__Lib_Lcd.c,42 :: 		
0x005D	0x1286      	BCF        LCD_EN, BitPos(LCD_EN+0)
;__Lib_Lcd.c,44 :: 		
0x005E	0x1C53      	BTFSS      __Lib_Lcd_cmd_status, BitPos(__Lib_Lcd_cmd_status+0)
0x005F	0x2862      	GOTO       L_Lcd_Cmd0
;__Lib_Lcd.c,45 :: 		
0x0060	0x200D      	CALL       _Delay_5500us
0x0061	0x2863      	GOTO       L_Lcd_Cmd1
L_Lcd_Cmd0:
;__Lib_Lcd.c,47 :: 		
0x0062	0x2003      	CALL       _Delay_50us
L_Lcd_Cmd1:
;__Lib_Lcd.c,48 :: 		
0x0063	0x0008      	RETURN
; end of _Lcd_Cmd
_FIXSIGN32:
;__Lib_MathDouble.c,112 :: 		
;__Lib_MathDouble.c,116 :: 		
0x0064	0x1FFA      	BTFSS      R10, 7
;__Lib_MathDouble.c,117 :: 		
0x0065	0x13F2      	BCF        R2, 7
;__Lib_MathDouble.c,118 :: 		
0x0066	0x3000      	MOVLW      0
;__Lib_MathDouble.c,120 :: 		
0x0067	0x0008      	RETURN
; end of _FIXSIGN32
_RES032:
;__Lib_MathDouble.c,123 :: 		
;__Lib_MathDouble.c,128 :: 		
0x0068	0x01F2      	CLRF       R2
;__Lib_MathDouble.c,129 :: 		
0x0069	0x01F1      	CLRF       R1
;__Lib_MathDouble.c,130 :: 		
0x006A	0x01F0      	CLRF       R0
;__Lib_MathDouble.c,131 :: 		
0x006B	0x01F8      	CLRF       R8
;__Lib_MathDouble.c,132 :: 		
0x006C	0x01F3      	CLRF       R3
;__Lib_MathDouble.c,133 :: 		
0x006D	0x3000      	MOVLW      0
;__Lib_MathDouble.c,135 :: 		
0x006E	0x0008      	RETURN
; end of _RES032
_SETIOV3224:
;__Lib_MathDouble.c,1000 :: 		
;__Lib_MathDouble.c,1006 :: 		
0x006F	0x147B      	BSF        R11, 0
;__Lib_MathDouble.c,1007 :: 		
0x0070	0x1FFB      	BTFSS      R11, 7
;__Lib_MathDouble.c,1008 :: 		
0x0071	0x287A      	GOTO       SETIOV3224EEE
;__Lib_MathDouble.c,1010 :: 		
0x0072	0x01F2      	CLRF       R2
;__Lib_MathDouble.c,1011 :: 		
0x0073	0x1FFA      	BTFSS      R10, 7
;__Lib_MathDouble.c,1012 :: 		
0x0074	0x30FF      	MOVLW      255
;__Lib_MathDouble.c,1013 :: 		
0x0075	0x00F2      	MOVWF      R2
;__Lib_MathDouble.c,1014 :: 		
0x0076	0x00F1      	MOVWF      R1
;__Lib_MathDouble.c,1015 :: 		
0x0077	0x00F0      	MOVWF      R0
;__Lib_MathDouble.c,1016 :: 		
0x0078	0x0DFA      	RLF        R10, 1
;__Lib_MathDouble.c,1017 :: 		
0x0079	0x0CF2      	RRF        R2, 1
;__Lib_MathDouble.c,1018 :: 		
SETIOV3224EEE:
;__Lib_MathDouble.c,1019 :: 		
0x007A	0x30FF      	MOVLW      255
;__Lib_MathDouble.c,1021 :: 		
0x007B	0x0008      	RETURN
; end of _SETIOV3224
_____DoICP:
;__Lib_System.c,6 :: 		
;__Lib_System.c,9 :: 		
0x007C	0x1283      	BCF        STATUS, 5
0x007D	0x1303      	BCF        STATUS, 6
0x007E	0x0852      	MOVF       ___DoICPAddr+1, 0
0x007F	0x008A      	MOVWF      PCLATH
;__Lib_System.c,10 :: 		
0x0080	0x0851      	MOVF       ___DoICPAddr, 0
0x0081	0x0082      	MOVWF      PCL
;__Lib_System.c,12 :: 		
0x0082	0x0008      	RETURN
; end of _____DoICP
_NRM3232:
;__Lib_MathDouble.c,167 :: 		
;__Lib_MathDouble.c,173 :: 		
;__Lib_MathDouble.c,175 :: 		
0x0083	0x01A0      	CLRF       __math_tempbD
;__Lib_MathDouble.c,176 :: 		
0x0084	0x0872      	MOVF       R2, 0
;__Lib_MathDouble.c,177 :: 		
0x0085	0x1D03      	BTFSS      STATUS, 2
;__Lib_MathDouble.c,178 :: 		
0x0086	0x2898      	GOTO       NORM3232
;__Lib_MathDouble.c,179 :: 		
0x0087	0x0871      	MOVF       R1, 0
;__Lib_MathDouble.c,180 :: 		
0x0088	0x00F2      	MOVWF      R2
;__Lib_MathDouble.c,181 :: 		
0x0089	0x0870      	MOVF       R0, 0
;__Lib_MathDouble.c,182 :: 		
0x008A	0x00F1      	MOVWF      R1
;__Lib_MathDouble.c,183 :: 		
0x008B	0x01F0      	CLRF       R0
;__Lib_MathDouble.c,184 :: 		
0x008C	0x15A0      	BSF        __math_tempbD, 3
;__Lib_MathDouble.c,186 :: 		
0x008D	0x0872      	MOVF       R2, 0
;__Lib_MathDouble.c,187 :: 		
0x008E	0x1D03      	BTFSS      STATUS, 2
;__Lib_MathDouble.c,188 :: 		
0x008F	0x2898      	GOTO       NORM3232
;__Lib_MathDouble.c,189 :: 		
0x0090	0x0871      	MOVF       R1, 0
;__Lib_MathDouble.c,190 :: 		
0x0091	0x00F2      	MOVWF      R2
;__Lib_MathDouble.c,191 :: 		
0x0092	0x01F1      	CLRF       R1
;__Lib_MathDouble.c,192 :: 		
0x0093	0x11A0      	BCF        __math_tempbD, 3
;__Lib_MathDouble.c,193 :: 		
0x0094	0x1620      	BSF        __math_tempbD, 4
;__Lib_MathDouble.c,195 :: 		
0x0095	0x0872      	MOVF       R2, 0
;__Lib_MathDouble.c,196 :: 		
0x0096	0x1903      	BTFSC      STATUS, 2
;__Lib_MathDouble.c,197 :: 		
0x0097	0x28A6      	GOTO       JPNRES032
;__Lib_MathDouble.c,198 :: 		
NORM3232:
;__Lib_MathDouble.c,199 :: 		
0x0098	0x0820      	MOVF       __math_tempbD, 0
;__Lib_MathDouble.c,200 :: 		
0x0099	0x02F3      	SUBWF      R3, 1
;__Lib_MathDouble.c,201 :: 		
0x009A	0x1D03      	BTFSS      STATUS, 2
;__Lib_MathDouble.c,202 :: 		
0x009B	0x1C03      	BTFSS      STATUS, 0
;__Lib_MathDouble.c,203 :: 		
0x009C	0x28AA      	GOTO       JPNSETFUN32
;__Lib_MathDouble.c,204 :: 		
0x009D	0x1003      	BCF        STATUS, 0
;__Lib_MathDouble.c,205 :: 		
NORM3232A:
;__Lib_MathDouble.c,206 :: 		
0x009E	0x1BF2      	BTFSC      R2, 7
;__Lib_MathDouble.c,207 :: 		
0x009F	0x28AE      	GOTO       JMPNFIXSIGN32
;__Lib_MathDouble.c,208 :: 		
0x00A0	0x0DF0      	RLF        R0, 1
;__Lib_MathDouble.c,209 :: 		
0x00A1	0x0DF1      	RLF        R1, 1
;__Lib_MathDouble.c,210 :: 		
0x00A2	0x0DF2      	RLF        R2, 1
;__Lib_MathDouble.c,211 :: 		
0x00A3	0x0BF3      	DECFSZ     R3, 1
;__Lib_MathDouble.c,212 :: 		
0x00A4	0x289E      	GOTO       NORM3232A
;__Lib_MathDouble.c,213 :: 		
0x00A5	0x28AA      	GOTO       JPNSETFUN32
;__Lib_MathDouble.c,214 :: 		
JPNRES032:
;__Lib_MathDouble.c,215 :: 		
0x00A6	0x3001      	MOVLW      1
;__Lib_MathDouble.c,216 :: 		
0x00A7	0x00FC      	MOVWF      R12
;__Lib_MathDouble.c,218 :: 		
0x00A8	0x2068      	CALL       _RES032
;__Lib_MathDouble.c,220 :: 		
0x00A9	0x28B1      	GOTO       NORM32EEE
;__Lib_MathDouble.c,221 :: 		
JPNSETFUN32:
;__Lib_MathDouble.c,222 :: 		
0x00AA	0x3002      	MOVLW      2
;__Lib_MathDouble.c,223 :: 		
0x00AB	0x00FC      	MOVWF      R12
;__Lib_MathDouble.c,225 :: 		
0x00AC	0x2018      	CALL       _SETFUN32
;__Lib_MathDouble.c,227 :: 		
0x00AD	0x28B1      	GOTO       NORM32EEE
;__Lib_MathDouble.c,228 :: 		
JMPNFIXSIGN32:
;__Lib_MathDouble.c,229 :: 		
0x00AE	0x3004      	MOVLW      4
;__Lib_MathDouble.c,230 :: 		
0x00AF	0x00FC      	MOVWF      R12
;__Lib_MathDouble.c,232 :: 		
0x00B0	0x2064      	CALL       _FIXSIGN32
;__Lib_MathDouble.c,234 :: 		
NORM32EEE:
;__Lib_MathDouble.c,236 :: 		
0x00B1	0x0008      	RETURN
; end of _NRM3232
_Lcd_Chr_CP:
;__Lib_Lcd.c,50 :: 		
;__Lib_Lcd.c,52 :: 		
0x00B2	0x1283      	BCF        STATUS, 5
0x00B3	0x1303      	BCF        STATUS, 6
0x00B4	0x1053      	BCF        __Lib_Lcd_cmd_status, BitPos(__Lib_Lcd_cmd_status+0)
;__Lib_Lcd.c,53 :: 		
0x00B5	0x0860      	MOVF       FARG_Lcd_Chr_CP_out_char, 0
0x00B6	0x00E1      	MOVWF      FARG_Lcd_Cmd_out_char
0x00B7	0x2024      	CALL       _Lcd_Cmd
;__Lib_Lcd.c,54 :: 		
0x00B8	0x1453      	BSF        __Lib_Lcd_cmd_status, BitPos(__Lib_Lcd_cmd_status+0)
;__Lib_Lcd.c,55 :: 		
0x00B9	0x0008      	RETURN
; end of _Lcd_Chr_CP
_Delay_22us:
;__Lib_Delays.c,15 :: 		void Delay_22us() {
;__Lib_Delays.c,16 :: 		Delay_us(22);
0x00BA	0x3007      	MOVLW      7
0x00BB	0x1283      	BCF        STATUS, 5
0x00BC	0x1303      	BCF        STATUS, 6
0x00BD	0x00FD      	MOVWF      R13
L_Delay_22us1:
0x00BE	0x0BFD      	DECFSZ     R13, 1
0x00BF	0x28BE      	GOTO       L_Delay_22us1
;__Lib_Delays.c,17 :: 		}
0x00C0	0x0008      	RETURN
; end of _Delay_22us
_UART1_Write:
;__Lib_UART_c67.c,39 :: 		
;__Lib_UART_c67.c,40 :: 		
L_UART1_Write3:
0x00C1	0x1683      	BSF        STATUS, 5
0x00C2	0x1303      	BCF        STATUS, 6
0x00C3	0x1898      	BTFSC      TXSTA, 1
0x00C4	0x28C7      	GOTO       L_UART1_Write4
;__Lib_UART_c67.c,41 :: 		
0x00C5	0x0000      	NOP
0x00C6	0x28C1      	GOTO       L_UART1_Write3
L_UART1_Write4:
;__Lib_UART_c67.c,42 :: 		
0x00C7	0x1283      	BCF        STATUS, 5
0x00C8	0x0860      	MOVF       FARG_UART1_Write_data_, 0
0x00C9	0x0099      	MOVWF      TXREG
;__Lib_UART_c67.c,43 :: 		
0x00CA	0x0008      	RETURN
; end of _UART1_Write
_SETFOV32:
;__Lib_MathDouble.c,79 :: 		
;__Lib_MathDouble.c,86 :: 		
0x00CB	0x14FB      	BSF        R11, 1
;__Lib_MathDouble.c,87 :: 		
0x00CC	0x1FFB      	BTFSS      R11, 7
;__Lib_MathDouble.c,88 :: 		
0x00CD	0x28D5      	GOTO       SETFOV32EEE
;__Lib_MathDouble.c,89 :: 		
0x00CE	0x30FF      	MOVLW      255
;__Lib_MathDouble.c,90 :: 		
0x00CF	0x00F3      	MOVWF      R3
;__Lib_MathDouble.c,91 :: 		
0x00D0	0x00F2      	MOVWF      R2
;__Lib_MathDouble.c,92 :: 		
0x00D1	0x00F1      	MOVWF      R1
;__Lib_MathDouble.c,93 :: 		
0x00D2	0x00F0      	MOVWF      R0
;__Lib_MathDouble.c,94 :: 		
0x00D3	0x0DFA      	RLF        R10, 1
;__Lib_MathDouble.c,95 :: 		
0x00D4	0x0CF2      	RRF        R2, 1
;__Lib_MathDouble.c,96 :: 		
SETFOV32EEE:
;__Lib_MathDouble.c,97 :: 		
0x00D5	0x30FF      	MOVLW      255
;__Lib_MathDouble.c,99 :: 		
0x00D6	0x0008      	RETURN
; end of _SETFOV32
_Double2Int:
;__Lib_MathDouble.c,1391 :: 		
;__Lib_MathDouble.c,1399 :: 		
0x00D7	0x1283      	BCF        STATUS, 5
;__Lib_MathDouble.c,1400 :: 		
0x00D8	0x1303      	BCF        STATUS, 6
;__Lib_MathDouble.c,1402 :: 		
0x00D9	0x01FB      	CLRF       R11
;__Lib_MathDouble.c,1403 :: 		
0x00DA	0x0873      	MOVF       R3, 0
;__Lib_MathDouble.c,1404 :: 		
0x00DB	0x1903      	BTFSC      STATUS, 2
;__Lib_MathDouble.c,1405 :: 		
0x00DC	0x2914      	GOTO       IRES016
;__Lib_MathDouble.c,1407 :: 		
0x00DD	0x0872      	MOVF       R2, 0
;__Lib_MathDouble.c,1408 :: 		
0x00DE	0x00FA      	MOVWF      R10
;__Lib_MathDouble.c,1409 :: 		
0x00DF	0x17F2      	BSF        R2, 7
;__Lib_MathDouble.c,1411 :: 		
0x00E0	0x308E      	MOVLW      142
;__Lib_MathDouble.c,1412 :: 		
0x00E1	0x02F3      	SUBWF      R3, 1
;__Lib_MathDouble.c,1413 :: 		
0x00E2	0x1FF3      	BTFSS      R3, 7
;__Lib_MathDouble.c,1414 :: 		
0x00E3	0x2917      	GOTO       SETIOV16
;__Lib_MathDouble.c,1415 :: 		
0x00E4	0x09F3      	COMF       R3, 1
;__Lib_MathDouble.c,1416 :: 		
0x00E5	0x0AF3      	INCF       R3, 1
;__Lib_MathDouble.c,1418 :: 		
0x00E6	0x3008      	MOVLW      8
;__Lib_MathDouble.c,1419 :: 		
0x00E7	0x0273      	SUBWF      R3, 0
;__Lib_MathDouble.c,1420 :: 		
0x00E8	0x1C03      	BTFSS      STATUS, 0
;__Lib_MathDouble.c,1421 :: 		
0x00E9	0x28FA      	GOTO       TSHIFT3216
;__Lib_MathDouble.c,1422 :: 		
0x00EA	0x00F3      	MOVWF      R3
;__Lib_MathDouble.c,1423 :: 		
0x00EB	0x0DF1      	RLF        R1, 1
;__Lib_MathDouble.c,1424 :: 		
0x00EC	0x0872      	MOVF       R2, 0
;__Lib_MathDouble.c,1425 :: 		
0x00ED	0x00F1      	MOVWF      R1
;__Lib_MathDouble.c,1426 :: 		
0x00EE	0x01F2      	CLRF       R2
;__Lib_MathDouble.c,1428 :: 		
0x00EF	0x3008      	MOVLW      8
;__Lib_MathDouble.c,1429 :: 		
0x00F0	0x0273      	SUBWF      R3, 0
;__Lib_MathDouble.c,1430 :: 		
0x00F1	0x1C03      	BTFSS      STATUS, 0
;__Lib_MathDouble.c,1431 :: 		
0x00F2	0x28FA      	GOTO       TSHIFT3216
;__Lib_MathDouble.c,1432 :: 		
0x00F3	0x00F3      	MOVWF      R3
;__Lib_MathDouble.c,1433 :: 		
0x00F4	0x0DF1      	RLF        R1, 1
;__Lib_MathDouble.c,1434 :: 		
0x00F5	0x01F1      	CLRF       R1
;__Lib_MathDouble.c,1436 :: 		
0x00F6	0x0873      	MOVF       R3, 0
;__Lib_MathDouble.c,1437 :: 		
0x00F7	0x1D03      	BTFSS      STATUS, 2
;__Lib_MathDouble.c,1438 :: 		
0x00F8	0x1003      	BCF        STATUS, 0
;__Lib_MathDouble.c,1439 :: 		
0x00F9	0x2902      	GOTO       SHIFT3216OK
;__Lib_MathDouble.c,1440 :: 		
TSHIFT3216:
;__Lib_MathDouble.c,1441 :: 		
0x00FA	0x0873      	MOVF       R3, 0
;__Lib_MathDouble.c,1442 :: 		
0x00FB	0x1903      	BTFSC      STATUS, 2
;__Lib_MathDouble.c,1443 :: 		
0x00FC	0x2902      	GOTO       SHIFT3216OK
;__Lib_MathDouble.c,1444 :: 		
SHIFT3216:
;__Lib_MathDouble.c,1445 :: 		
0x00FD	0x1003      	BCF        STATUS, 0
;__Lib_MathDouble.c,1446 :: 		
0x00FE	0x0CF2      	RRF        R2, 1
;__Lib_MathDouble.c,1447 :: 		
0x00FF	0x0CF1      	RRF        R1, 1
;__Lib_MathDouble.c,1448 :: 		
0x0100	0x0BF3      	DECFSZ     R3, 1
;__Lib_MathDouble.c,1449 :: 		
0x0101	0x28FD      	GOTO       SHIFT3216
;__Lib_MathDouble.c,1450 :: 		
SHIFT3216OK:
;__Lib_MathDouble.c,1451 :: 		
0x0102	0x1B7B      	BTFSC      R11, 6
;__Lib_MathDouble.c,1452 :: 		
0x0103	0x1C71      	BTFSS      R1, 0
;__Lib_MathDouble.c,1453 :: 		
0x0104	0x290C      	GOTO       INT3216OK
;__Lib_MathDouble.c,1454 :: 		
0x0105	0x1C03      	BTFSS      STATUS, 0
;__Lib_MathDouble.c,1455 :: 		
0x0106	0x290C      	GOTO       INT3216OK
;__Lib_MathDouble.c,1456 :: 		
0x0107	0x0AF1      	INCF       R1, 1
;__Lib_MathDouble.c,1457 :: 		
0x0108	0x1903      	BTFSC      STATUS, 2
;__Lib_MathDouble.c,1458 :: 		
0x0109	0x0AF2      	INCF       R2, 1
;__Lib_MathDouble.c,1459 :: 		
0x010A	0x1BF2      	BTFSC      R2, 7
;__Lib_MathDouble.c,1460 :: 		
0x010B	0x2923      	GOTO       JPJSETIOV3224
;__Lib_MathDouble.c,1461 :: 		
INT3216OK:
;__Lib_MathDouble.c,1462 :: 		
0x010C	0x1FFA      	BTFSS      R10, 7
;__Lib_MathDouble.c,1463 :: 		
0x010D	0x2926      	GOTO       INT3216EOK
;__Lib_MathDouble.c,1465 :: 		
0x010E	0x09F2      	COMF       R2, 1
;__Lib_MathDouble.c,1466 :: 		
0x010F	0x09F1      	COMF       R1, 1
;__Lib_MathDouble.c,1467 :: 		
0x0110	0x0AF1      	INCF       R1, 1
;__Lib_MathDouble.c,1468 :: 		
0x0111	0x1903      	BTFSC      STATUS, 2
;__Lib_MathDouble.c,1469 :: 		
0x0112	0x0AF2      	INCF       R2, 1
;__Lib_MathDouble.c,1470 :: 		
0x0113	0x2926      	GOTO       INT3216EOK
;__Lib_MathDouble.c,1472 :: 		
IRES016:
;__Lib_MathDouble.c,1473 :: 		
0x0114	0x01F2      	CLRF       R2
;__Lib_MathDouble.c,1474 :: 		
0x0115	0x01F1      	CLRF       R1
;__Lib_MathDouble.c,1475 :: 		
0x0116	0x2926      	GOTO       INT3216EOK
;__Lib_MathDouble.c,1476 :: 		
SETIOV16:
;__Lib_MathDouble.c,1477 :: 		
0x0117	0x147B      	BSF        R11, 0
;__Lib_MathDouble.c,1478 :: 		
0x0118	0x1FFB      	BTFSS      R11, 7
;__Lib_MathDouble.c,1479 :: 		
0x0119	0x2929      	GOTO       INT3216EER
;__Lib_MathDouble.c,1481 :: 		
0x011A	0x01F2      	CLRF       R2
;__Lib_MathDouble.c,1482 :: 		
0x011B	0x1FFA      	BTFSS      R10, 7
;__Lib_MathDouble.c,1483 :: 		
0x011C	0x2929      	GOTO       INT3216EER
;__Lib_MathDouble.c,1484 :: 		
0x011D	0x30FF      	MOVLW      255
;__Lib_MathDouble.c,1485 :: 		
0x011E	0x00F2      	MOVWF      R2
;__Lib_MathDouble.c,1486 :: 		
0x011F	0x00F1      	MOVWF      R1
;__Lib_MathDouble.c,1487 :: 		
0x0120	0x0DFA      	RLF        R10, 1
;__Lib_MathDouble.c,1488 :: 		
0x0121	0x0CF2      	RRF        R2, 1
;__Lib_MathDouble.c,1489 :: 		
0x0122	0x2929      	GOTO       INT3216EER
;__Lib_MathDouble.c,1491 :: 		
JPJSETIOV3224:
;__Lib_MathDouble.c,1492 :: 		
0x0123	0x3001      	MOVLW      1
;__Lib_MathDouble.c,1493 :: 		
0x0124	0x00FC      	MOVWF      R12
;__Lib_MathDouble.c,1494 :: 		
0x0125	0x292B      	GOTO       INT3216EEE
;__Lib_MathDouble.c,1495 :: 		
INT3216EOK:
;__Lib_MathDouble.c,1496 :: 		
0x0126	0x3000      	MOVLW      0
;__Lib_MathDouble.c,1497 :: 		
0x0127	0x00FC      	MOVWF      R12
;__Lib_MathDouble.c,1498 :: 		
0x0128	0x292B      	GOTO       INT3216EEE
;__Lib_MathDouble.c,1499 :: 		
INT3216EER:
;__Lib_MathDouble.c,1500 :: 		
0x0129	0x30FF      	MOVLW      255
;__Lib_MathDouble.c,1501 :: 		
0x012A	0x00FC      	MOVWF      R12
;__Lib_MathDouble.c,1502 :: 		
INT3216EEE:
;__Lib_MathDouble.c,1505 :: 		
0x012B	0x08FC      	MOVF       R12, 1
;__Lib_MathDouble.c,1507 :: 		
0x012C	0x1903      	BTFSC      STATUS, 2
;__Lib_MathDouble.c,1508 :: 		
0x012D	0x292F      	GOTO       L_Double2Int_0
;__Lib_MathDouble.c,1510 :: 		
0x012E	0x206F      	CALL       _SETIOV3224
;__Lib_MathDouble.c,1512 :: 		
L_Double2Int_0:
;__Lib_MathDouble.c,1513 :: 		
0x012F	0x0871      	MOVF       R1, 0
;__Lib_MathDouble.c,1514 :: 		
0x0130	0x00F0      	MOVWF      R0
;__Lib_MathDouble.c,1515 :: 		
0x0131	0x0872      	MOVF       R2, 0
;__Lib_MathDouble.c,1516 :: 		
0x0132	0x00F1      	MOVWF      R1
;__Lib_MathDouble.c,1520 :: 		
0x0133	0x0008      	RETURN
; end of _Double2Int
_Mul_32x32_FP:
;__Lib_MathDouble.c,610 :: 		
;__Lib_MathDouble.c,622 :: 		
;__Lib_MathDouble.c,624 :: 		
0x0134	0x1283      	BCF        STATUS, 5
;__Lib_MathDouble.c,625 :: 		
0x0135	0x1303      	BCF        STATUS, 6
;__Lib_MathDouble.c,627 :: 		
0x0136	0x01FB      	CLRF       R11
;__Lib_MathDouble.c,628 :: 		
0x0137	0x0873      	MOVF       R3, 0
;__Lib_MathDouble.c,629 :: 		
0x0138	0x1D03      	BTFSS      STATUS, 2
;__Lib_MathDouble.c,630 :: 		
0x0139	0x0877      	MOVF       R7, 0
;__Lib_MathDouble.c,631 :: 		
0x013A	0x1903      	BTFSC      STATUS, 2
;__Lib_MathDouble.c,632 :: 		
0x013B	0x298B      	GOTO       JPMRES032
;__Lib_MathDouble.c,634 :: 		
0x013C	0x0872      	MOVF       R2, 0
;__Lib_MathDouble.c,635 :: 		
0x013D	0x0676      	XORWF      R6, 0
;__Lib_MathDouble.c,636 :: 		
0x013E	0x00FA      	MOVWF      R10
;__Lib_MathDouble.c,637 :: 		
0x013F	0x0877      	MOVF       R7, 0
;__Lib_MathDouble.c,638 :: 		
0x0140	0x07F3      	ADDWF      R3, 1
;__Lib_MathDouble.c,639 :: 		
0x0141	0x307E      	MOVLW      126
;__Lib_MathDouble.c,640 :: 		
0x0142	0x1C03      	BTFSS      STATUS, 0
;__Lib_MathDouble.c,641 :: 		
0x0143	0x2948      	GOTO       MTUN32
;__Lib_MathDouble.c,642 :: 		
0x0144	0x02F3      	SUBWF      R3, 1
;__Lib_MathDouble.c,643 :: 		
0x0145	0x1803      	BTFSC      STATUS, 0
;__Lib_MathDouble.c,644 :: 		
0x0146	0x298E      	GOTO       JPMSETFOV32
;__Lib_MathDouble.c,645 :: 		
0x0147	0x294B      	GOTO       MOK32
;__Lib_MathDouble.c,646 :: 		
MTUN32:
;__Lib_MathDouble.c,647 :: 		
0x0148	0x02F3      	SUBWF      R3, 1
;__Lib_MathDouble.c,648 :: 		
0x0149	0x1C03      	BTFSS      STATUS, 0
;__Lib_MathDouble.c,649 :: 		
0x014A	0x2991      	GOTO       JPMSETFUN32
;__Lib_MathDouble.c,650 :: 		
MOK32:
;__Lib_MathDouble.c,651 :: 		
0x014B	0x0872      	MOVF       R2, 0
;__Lib_MathDouble.c,652 :: 		
0x014C	0x00F8      	MOVWF      R8
;__Lib_MathDouble.c,653 :: 		
0x014D	0x0871      	MOVF       R1, 0
;__Lib_MathDouble.c,654 :: 		
0x014E	0x00FC      	MOVWF      R12
;__Lib_MathDouble.c,655 :: 		
0x014F	0x0870      	MOVF       R0, 0
;__Lib_MathDouble.c,656 :: 		
0x0150	0x00FD      	MOVWF      R13
;__Lib_MathDouble.c,657 :: 		
0x0151	0x17F8      	BSF        R8, 7
;__Lib_MathDouble.c,658 :: 		
0x0152	0x17F6      	BSF        R6, 7
;__Lib_MathDouble.c,659 :: 		
0x0153	0x1003      	BCF        STATUS, 0
;__Lib_MathDouble.c,660 :: 		
0x0154	0x01F2      	CLRF       R2
;__Lib_MathDouble.c,661 :: 		
0x0155	0x01F1      	CLRF       R1
;__Lib_MathDouble.c,662 :: 		
0x0156	0x01F0      	CLRF       R0
;__Lib_MathDouble.c,663 :: 		
0x0157	0x3018      	MOVLW      24
;__Lib_MathDouble.c,664 :: 		
0x0158	0x00A0      	MOVWF      __math_tempbD
;__Lib_MathDouble.c,665 :: 		
MLOOP32:
;__Lib_MathDouble.c,666 :: 		
0x0159	0x1C7D      	BTFSS      R13, 0
;__Lib_MathDouble.c,667 :: 		
0x015A	0x2965      	GOTO       MNOADD32
;__Lib_MathDouble.c,669 :: 		
0x015B	0x0874      	MOVF       R4, 0
;__Lib_MathDouble.c,670 :: 		
0x015C	0x07F0      	ADDWF      R0, 1
;__Lib_MathDouble.c,671 :: 		
0x015D	0x0875      	MOVF       R5, 0
;__Lib_MathDouble.c,672 :: 		
0x015E	0x1803      	BTFSC      STATUS, 0
;__Lib_MathDouble.c,673 :: 		
0x015F	0x0F75      	INCFSZ     R5, 0
;__Lib_MathDouble.c,674 :: 		
0x0160	0x07F1      	ADDWF      R1, 1
;__Lib_MathDouble.c,675 :: 		
0x0161	0x0876      	MOVF       R6, 0
;__Lib_MathDouble.c,676 :: 		
0x0162	0x1803      	BTFSC      STATUS, 0
;__Lib_MathDouble.c,677 :: 		
0x0163	0x0F76      	INCFSZ     R6, 0
;__Lib_MathDouble.c,678 :: 		
0x0164	0x07F2      	ADDWF      R2, 1
;__Lib_MathDouble.c,679 :: 		
MNOADD32:
;__Lib_MathDouble.c,680 :: 		
0x0165	0x0CF2      	RRF        R2, 1
;__Lib_MathDouble.c,681 :: 		
0x0166	0x0CF1      	RRF        R1, 1
;__Lib_MathDouble.c,682 :: 		
0x0167	0x0CF0      	RRF        R0, 1
;__Lib_MathDouble.c,683 :: 		
0x0168	0x0CF8      	RRF        R8, 1
;__Lib_MathDouble.c,684 :: 		
0x0169	0x0CFC      	RRF        R12, 1
;__Lib_MathDouble.c,685 :: 		
0x016A	0x0CFD      	RRF        R13, 1
;__Lib_MathDouble.c,686 :: 		
0x016B	0x1003      	BCF        STATUS, 0
;__Lib_MathDouble.c,687 :: 		
0x016C	0x0BA0      	DECFSZ     __math_tempbD, 1
;__Lib_MathDouble.c,688 :: 		
0x016D	0x2959      	GOTO       MLOOP32
;__Lib_MathDouble.c,689 :: 		
0x016E	0x1BF2      	BTFSC      R2, 7
;__Lib_MathDouble.c,690 :: 		
0x016F	0x2975      	GOTO       MROUND32
;__Lib_MathDouble.c,691 :: 		
0x0170	0x0DF8      	RLF        R8, 1
;__Lib_MathDouble.c,692 :: 		
0x0171	0x0DF0      	RLF        R0, 1
;__Lib_MathDouble.c,693 :: 		
0x0172	0x0DF1      	RLF        R1, 1
;__Lib_MathDouble.c,694 :: 		
0x0173	0x0DF2      	RLF        R2, 1
;__Lib_MathDouble.c,695 :: 		
0x0174	0x03F3      	DECF       R3, 1
;__Lib_MathDouble.c,696 :: 		
MROUND32:
;__Lib_MathDouble.c,697 :: 		
0x0175	0x1B7B      	BTFSC      R11, 6
;__Lib_MathDouble.c,698 :: 		
0x0176	0x1C70      	BTFSS      R0, 0
;__Lib_MathDouble.c,699 :: 		
0x0177	0x2987      	GOTO       MUL32OK
;__Lib_MathDouble.c,700 :: 		
0x0178	0x1FF8      	BTFSS      R8, 7
;__Lib_MathDouble.c,701 :: 		
0x0179	0x2987      	GOTO       MUL32OK
;__Lib_MathDouble.c,702 :: 		
0x017A	0x0AF0      	INCF       R0, 1
;__Lib_MathDouble.c,703 :: 		
0x017B	0x1903      	BTFSC      STATUS, 2
;__Lib_MathDouble.c,704 :: 		
0x017C	0x0AF1      	INCF       R1, 1
;__Lib_MathDouble.c,705 :: 		
0x017D	0x1903      	BTFSC      STATUS, 2
;__Lib_MathDouble.c,706 :: 		
0x017E	0x0AF2      	INCF       R2, 1
;__Lib_MathDouble.c,707 :: 		
0x017F	0x1D03      	BTFSS      STATUS, 2
;__Lib_MathDouble.c,708 :: 		
0x0180	0x2987      	GOTO       MUL32OK
;__Lib_MathDouble.c,709 :: 		
0x0181	0x0CF2      	RRF        R2, 1
;__Lib_MathDouble.c,710 :: 		
0x0182	0x0CF1      	RRF        R1, 1
;__Lib_MathDouble.c,711 :: 		
0x0183	0x0CF0      	RRF        R0, 1
;__Lib_MathDouble.c,712 :: 		
0x0184	0x0AF3      	INCF       R3, 1
;__Lib_MathDouble.c,713 :: 		
0x0185	0x1903      	BTFSC      STATUS, 2
;__Lib_MathDouble.c,714 :: 		
0x0186	0x298E      	GOTO       JPMSETFOV32
;__Lib_MathDouble.c,715 :: 		
MUL32OK:
;__Lib_MathDouble.c,716 :: 		
0x0187	0x1FFA      	BTFSS      R10, 7
;__Lib_MathDouble.c,717 :: 		
0x0188	0x13F2      	BCF        R2, 7
;__Lib_MathDouble.c,718 :: 		
0x0189	0x3000      	MOVLW      0
;__Lib_MathDouble.c,720 :: 		
0x018A	0x2993      	GOTO       MUL32EEE
;__Lib_MathDouble.c,721 :: 		
JPMRES032:
;__Lib_MathDouble.c,722 :: 		
0x018B	0x3001      	MOVLW      1
;__Lib_MathDouble.c,725 :: 		
0x018C	0x2068      	CALL       _RES032
;__Lib_MathDouble.c,727 :: 		
0x018D	0x2993      	GOTO       MUL32EEE
;__Lib_MathDouble.c,728 :: 		
JPMSETFOV32:
;__Lib_MathDouble.c,729 :: 		
0x018E	0x3002      	MOVLW      2
;__Lib_MathDouble.c,732 :: 		
0x018F	0x20CB      	CALL       _SETFOV32
;__Lib_MathDouble.c,734 :: 		
0x0190	0x2993      	GOTO       MUL32EEE
;__Lib_MathDouble.c,735 :: 		
JPMSETFUN32:
;__Lib_MathDouble.c,736 :: 		
0x0191	0x3004      	MOVLW      4
;__Lib_MathDouble.c,739 :: 		
0x0192	0x2018      	CALL       _SETFUN32
;__Lib_MathDouble.c,741 :: 		
MUL32EEE:
;__Lib_MathDouble.c,742 :: 		
0x0193	0x0000      	NOP
;__Lib_MathDouble.c,749 :: 		
0x0194	0x0008      	RETURN
; end of _Mul_32x32_FP
_Word2Double:
;__Lib_MathDouble.c,1862 :: 		
;__Lib_MathDouble.c,1868 :: 		
0x0195	0x1283      	BCF        STATUS, 5
;__Lib_MathDouble.c,1869 :: 		
0x0196	0x1303      	BCF        STATUS, 6
;__Lib_MathDouble.c,1870 :: 		
0x0197	0x0870      	MOVF       R0, 0
;__Lib_MathDouble.c,1871 :: 		
0x0198	0x00F8      	MOVWF      R8
;__Lib_MathDouble.c,1872 :: 		
0x0199	0x0871      	MOVF       R1, 0
;__Lib_MathDouble.c,1873 :: 		
0x019A	0x00F0      	MOVWF      R0
;__Lib_MathDouble.c,1874 :: 		
0x019B	0x01F1      	CLRF       R1
;__Lib_MathDouble.c,1875 :: 		
0x019C	0x01F2      	CLRF       R2
;__Lib_MathDouble.c,1876 :: 		
0x019D	0x01F3      	CLRF       R3
;__Lib_MathDouble.c,1879 :: 		
0x019E	0x01FB      	CLRF       R11
;__Lib_MathDouble.c,1880 :: 		
0x019F	0x01FC      	CLRF       R12
;__Lib_MathDouble.c,1882 :: 		
0x01A0	0x3096      	MOVLW      150
;__Lib_MathDouble.c,1883 :: 		
0x01A1	0x00F3      	MOVWF      R3
;__Lib_MathDouble.c,1884 :: 		
0x01A2	0x01FA      	CLRF       R10
;__Lib_MathDouble.c,1886 :: 		
0x01A3	0x0870      	MOVF       R0, 0
;__Lib_MathDouble.c,1887 :: 		
0x01A4	0x00F1      	MOVWF      R1
;__Lib_MathDouble.c,1888 :: 		
0x01A5	0x0878      	MOVF       R8, 0
;__Lib_MathDouble.c,1889 :: 		
0x01A6	0x00F0      	MOVWF      R0
;__Lib_MathDouble.c,1890 :: 		
0x01A7	0x01F8      	CLRF       R8
;__Lib_MathDouble.c,1891 :: 		
0x01A8	0x01F2      	CLRF       R2
;__Lib_MathDouble.c,1893 :: 		
0x01A9	0x2083      	CALL       _NRM3232
;__Lib_MathDouble.c,1894 :: 		
0x01AA	0x0008      	RETURN
; end of _Word2Double
_Lcd_Out:
;__Lib_Lcd.c,184 :: 		
;__Lib_Lcd.c,187 :: 		
0x01AB	0x29BD      	GOTO       L_Lcd_Out11
;__Lib_Lcd.c,188 :: 		
L_Lcd_Out13:
0x01AC	0x3080      	MOVLW      128
0x01AD	0x1283      	BCF        STATUS, 5
0x01AE	0x1303      	BCF        STATUS, 6
0x01AF	0x00DC      	MOVWF      FARG_Lcd_Out_row
0x01B0	0x29D0      	GOTO       L_Lcd_Out12
;__Lib_Lcd.c,189 :: 		
L_Lcd_Out14:
0x01B1	0x30C0      	MOVLW      192
0x01B2	0x00DC      	MOVWF      FARG_Lcd_Out_row
0x01B3	0x29D0      	GOTO       L_Lcd_Out12
;__Lib_Lcd.c,190 :: 		
L_Lcd_Out15:
0x01B4	0x3094      	MOVLW      148
0x01B5	0x00DC      	MOVWF      FARG_Lcd_Out_row
0x01B6	0x29D0      	GOTO       L_Lcd_Out12
;__Lib_Lcd.c,191 :: 		
L_Lcd_Out16:
0x01B7	0x30D4      	MOVLW      212
0x01B8	0x00DC      	MOVWF      FARG_Lcd_Out_row
0x01B9	0x29D0      	GOTO       L_Lcd_Out12
;__Lib_Lcd.c,192 :: 		
L_Lcd_Out17:
0x01BA	0x3080      	MOVLW      128
0x01BB	0x00DC      	MOVWF      FARG_Lcd_Out_row
;__Lib_Lcd.c,193 :: 		
0x01BC	0x29D0      	GOTO       L_Lcd_Out12
L_Lcd_Out11:
0x01BD	0x1283      	BCF        STATUS, 5
0x01BE	0x1303      	BCF        STATUS, 6
0x01BF	0x085C      	MOVF       FARG_Lcd_Out_row, 0
0x01C0	0x3A01      	XORLW      1
0x01C1	0x1903      	BTFSC      STATUS, 2
0x01C2	0x29AC      	GOTO       L_Lcd_Out13
0x01C3	0x085C      	MOVF       FARG_Lcd_Out_row, 0
0x01C4	0x3A02      	XORLW      2
0x01C5	0x1903      	BTFSC      STATUS, 2
0x01C6	0x29B1      	GOTO       L_Lcd_Out14
0x01C7	0x085C      	MOVF       FARG_Lcd_Out_row, 0
0x01C8	0x3A03      	XORLW      3
0x01C9	0x1903      	BTFSC      STATUS, 2
0x01CA	0x29B4      	GOTO       L_Lcd_Out15
0x01CB	0x085C      	MOVF       FARG_Lcd_Out_row, 0
0x01CC	0x3A04      	XORLW      4
0x01CD	0x1903      	BTFSC      STATUS, 2
0x01CE	0x29B7      	GOTO       L_Lcd_Out16
0x01CF	0x29BA      	GOTO       L_Lcd_Out17
L_Lcd_Out12:
;__Lib_Lcd.c,194 :: 		
0x01D0	0x035D      	DECF       FARG_Lcd_Out_column, 0
0x01D1	0x00F0      	MOVWF      R0
0x01D2	0x085C      	MOVF       FARG_Lcd_Out_row, 0
0x01D3	0x07F0      	ADDWF      R0, 1
0x01D4	0x0870      	MOVF       R0, 0
0x01D5	0x00DC      	MOVWF      FARG_Lcd_Out_row
;__Lib_Lcd.c,196 :: 		
0x01D6	0x0870      	MOVF       R0, 0
0x01D7	0x00E1      	MOVWF      FARG_Lcd_Cmd_out_char
0x01D8	0x2024      	CALL       _Lcd_Cmd
;__Lib_Lcd.c,197 :: 		
0x01D9	0x1053      	BCF        __Lib_Lcd_cmd_status, BitPos(__Lib_Lcd_cmd_status+0)
;__Lib_Lcd.c,198 :: 		
0x01DA	0x01DF      	CLRF       Lcd_Out_i_L0
;__Lib_Lcd.c,199 :: 		
L_Lcd_Out18:
0x01DB	0x085F      	MOVF       Lcd_Out_i_L0, 0
0x01DC	0x075E      	ADDWF      FARG_Lcd_Out_text, 0
0x01DD	0x0084      	MOVWF      FSR
0x01DE	0x0800      	MOVF       INDF, 0
0x01DF	0x1903      	BTFSC      STATUS, 2
0x01E0	0x29E9      	GOTO       L_Lcd_Out19
;__Lib_Lcd.c,200 :: 		
0x01E1	0x085F      	MOVF       Lcd_Out_i_L0, 0
0x01E2	0x075E      	ADDWF      FARG_Lcd_Out_text, 0
0x01E3	0x0084      	MOVWF      FSR
0x01E4	0x0800      	MOVF       INDF, 0
0x01E5	0x00E0      	MOVWF      FARG_Lcd_Chr_CP_out_char
0x01E6	0x20B2      	CALL       _Lcd_Chr_CP
0x01E7	0x0ADF      	INCF       Lcd_Out_i_L0, 1
0x01E8	0x29DB      	GOTO       L_Lcd_Out18
L_Lcd_Out19:
;__Lib_Lcd.c,201 :: 		
0x01E9	0x1453      	BSF        __Lib_Lcd_cmd_status, BitPos(__Lib_Lcd_cmd_status+0)
;__Lib_Lcd.c,202 :: 		
0x01EA	0x0008      	RETURN
; end of _Lcd_Out
_UART1_Write_Text:
;__Lib_UART_c67.c,47 :: 		
;__Lib_UART_c67.c,48 :: 		
0x01EB	0x1283      	BCF        STATUS, 5
0x01EC	0x1303      	BCF        STATUS, 6
0x01ED	0x01DE      	CLRF       UART1_Write_Text_counter_L0
;__Lib_UART_c67.c,50 :: 		
0x01EE	0x085C      	MOVF       FARG_UART1_Write_Text_uart_text, 0
0x01EF	0x0084      	MOVWF      FSR
0x01F0	0x0800      	MOVF       INDF, 0
0x01F1	0x00DD      	MOVWF      UART1_Write_Text_data__L0
;__Lib_UART_c67.c,51 :: 		
L_UART1_Write_Text5:
0x01F2	0x085D      	MOVF       UART1_Write_Text_data__L0, 0
0x01F3	0x3A00      	XORLW      0
0x01F4	0x1903      	BTFSC      STATUS, 2
0x01F5	0x2A00      	GOTO       L_UART1_Write_Text6
;__Lib_UART_c67.c,52 :: 		
0x01F6	0x085D      	MOVF       UART1_Write_Text_data__L0, 0
0x01F7	0x00E0      	MOVWF      FARG_UART1_Write_data_
0x01F8	0x20C1      	CALL       _UART1_Write
;__Lib_UART_c67.c,53 :: 		
0x01F9	0x0ADE      	INCF       UART1_Write_Text_counter_L0, 1
;__Lib_UART_c67.c,54 :: 		
0x01FA	0x085E      	MOVF       UART1_Write_Text_counter_L0, 0
0x01FB	0x075C      	ADDWF      FARG_UART1_Write_Text_uart_text, 0
0x01FC	0x0084      	MOVWF      FSR
0x01FD	0x0800      	MOVF       INDF, 0
0x01FE	0x00DD      	MOVWF      UART1_Write_Text_data__L0
;__Lib_UART_c67.c,55 :: 		
0x01FF	0x29F2      	GOTO       L_UART1_Write_Text5
L_UART1_Write_Text6:
;__Lib_UART_c67.c,56 :: 		
0x0200	0x0008      	RETURN
; end of _UART1_Write_Text
_Lcd_Init:
;__Lib_Lcd.c,84 :: 		
;__Lib_Lcd.c,86 :: 		
0x0201	0x1683      	BSF        STATUS, 5
0x0202	0x1303      	BCF        STATUS, 6
0x0203	0x1286      	BCF        LCD_EN_Direction, BitPos(LCD_EN_Direction+0)
;__Lib_Lcd.c,87 :: 		
0x0204	0x1206      	BCF        LCD_RS_Direction, BitPos(LCD_RS_Direction+0)
;__Lib_Lcd.c,88 :: 		
0x0205	0x1006      	BCF        LCD_D4_Direction, BitPos(LCD_D4_Direction+0)
;__Lib_Lcd.c,89 :: 		
0x0206	0x1086      	BCF        LCD_D5_Direction, BitPos(LCD_D5_Direction+0)
;__Lib_Lcd.c,90 :: 		
0x0207	0x1106      	BCF        LCD_D6_Direction, BitPos(LCD_D6_Direction+0)
;__Lib_Lcd.c,91 :: 		
0x0208	0x1186      	BCF        LCD_D7_Direction, BitPos(LCD_D7_Direction+0)
;__Lib_Lcd.c,93 :: 		
0x0209	0x1283      	BCF        STATUS, 5
0x020A	0x1286      	BCF        LCD_EN, BitPos(LCD_EN+0)
;__Lib_Lcd.c,94 :: 		
0x020B	0x1206      	BCF        LCD_RS, BitPos(LCD_RS+0)
;__Lib_Lcd.c,95 :: 		
0x020C	0x1186      	BCF        LCD_D7, BitPos(LCD_D7+0)
;__Lib_Lcd.c,96 :: 		
0x020D	0x1106      	BCF        LCD_D6, BitPos(LCD_D6+0)
;__Lib_Lcd.c,97 :: 		
0x020E	0x1086      	BCF        LCD_D5, BitPos(LCD_D5+0)
;__Lib_Lcd.c,98 :: 		
0x020F	0x1006      	BCF        LCD_D4, BitPos(LCD_D4+0)
;__Lib_Lcd.c,100 :: 		
0x0210	0x200D      	CALL       _Delay_5500us
;__Lib_Lcd.c,101 :: 		
0x0211	0x200D      	CALL       _Delay_5500us
;__Lib_Lcd.c,102 :: 		
0x0212	0x200D      	CALL       _Delay_5500us
;__Lib_Lcd.c,105 :: 		
0x0213	0x1486      	BSF        LCD_D5, BitPos(LCD_D5+0)
;__Lib_Lcd.c,106 :: 		
0x0214	0x1406      	BSF        LCD_D4, BitPos(LCD_D4+0)
;__Lib_Lcd.c,107 :: 		
0x0215	0x1686      	BSF        LCD_EN, BitPos(LCD_EN+0)
;__Lib_Lcd.c,108 :: 		
0x0216	0x200B      	CALL       _Delay_1us
;__Lib_Lcd.c,109 :: 		
0x0217	0x1286      	BCF        LCD_EN, BitPos(LCD_EN+0)
;__Lib_Lcd.c,110 :: 		
0x0218	0x200D      	CALL       _Delay_5500us
;__Lib_Lcd.c,112 :: 		
0x0219	0x1686      	BSF        LCD_EN, BitPos(LCD_EN+0)
;__Lib_Lcd.c,113 :: 		
0x021A	0x200B      	CALL       _Delay_1us
;__Lib_Lcd.c,114 :: 		
0x021B	0x1286      	BCF        LCD_EN, BitPos(LCD_EN+0)
;__Lib_Lcd.c,115 :: 		
0x021C	0x200D      	CALL       _Delay_5500us
;__Lib_Lcd.c,117 :: 		
0x021D	0x1686      	BSF        LCD_EN, BitPos(LCD_EN+0)
;__Lib_Lcd.c,118 :: 		
0x021E	0x200B      	CALL       _Delay_1us
;__Lib_Lcd.c,119 :: 		
0x021F	0x1286      	BCF        LCD_EN, BitPos(LCD_EN+0)
;__Lib_Lcd.c,120 :: 		
0x0220	0x200D      	CALL       _Delay_5500us
;__Lib_Lcd.c,123 :: 		
0x0221	0x1006      	BCF        LCD_D4, BitPos(LCD_D4+0)
;__Lib_Lcd.c,124 :: 		
0x0222	0x1686      	BSF        LCD_EN, BitPos(LCD_EN+0)
;__Lib_Lcd.c,125 :: 		
0x0223	0x200B      	CALL       _Delay_1us
;__Lib_Lcd.c,126 :: 		
0x0224	0x1286      	BCF        LCD_EN, BitPos(LCD_EN+0)
;__Lib_Lcd.c,127 :: 		
0x0225	0x200D      	CALL       _Delay_5500us
;__Lib_Lcd.c,130 :: 		
0x0226	0x1686      	BSF        LCD_EN, BitPos(LCD_EN+0)
;__Lib_Lcd.c,131 :: 		
0x0227	0x200B      	CALL       _Delay_1us
;__Lib_Lcd.c,132 :: 		
0x0228	0x1286      	BCF        LCD_EN, BitPos(LCD_EN+0)
;__Lib_Lcd.c,134 :: 		
0x0229	0x1086      	BCF        LCD_D5, BitPos(LCD_D5+0)
;__Lib_Lcd.c,135 :: 		
0x022A	0x1586      	BSF        LCD_D7, BitPos(LCD_D7+0)
;__Lib_Lcd.c,136 :: 		
0x022B	0x1686      	BSF        LCD_EN, BitPos(LCD_EN+0)
;__Lib_Lcd.c,137 :: 		
0x022C	0x200B      	CALL       _Delay_1us
;__Lib_Lcd.c,138 :: 		
0x022D	0x1286      	BCF        LCD_EN, BitPos(LCD_EN+0)
;__Lib_Lcd.c,139 :: 		
0x022E	0x200D      	CALL       _Delay_5500us
;__Lib_Lcd.c,142 :: 		
0x022F	0x1186      	BCF        LCD_D7, BitPos(LCD_D7+0)
;__Lib_Lcd.c,143 :: 		
0x0230	0x1406      	BSF        LCD_D4, BitPos(LCD_D4+0)
;__Lib_Lcd.c,144 :: 		
0x0231	0x1686      	BSF        LCD_EN, BitPos(LCD_EN+0)
;__Lib_Lcd.c,145 :: 		
0x0232	0x200B      	CALL       _Delay_1us
;__Lib_Lcd.c,146 :: 		
0x0233	0x1286      	BCF        LCD_EN, BitPos(LCD_EN+0)
;__Lib_Lcd.c,148 :: 		
0x0234	0x1006      	BCF        LCD_D4, BitPos(LCD_D4+0)
;__Lib_Lcd.c,149 :: 		
0x0235	0x1686      	BSF        LCD_EN, BitPos(LCD_EN+0)
;__Lib_Lcd.c,150 :: 		
0x0236	0x200B      	CALL       _Delay_1us
;__Lib_Lcd.c,151 :: 		
0x0237	0x1286      	BCF        LCD_EN, BitPos(LCD_EN+0)
;__Lib_Lcd.c,152 :: 		
0x0238	0x200D      	CALL       _Delay_5500us
;__Lib_Lcd.c,155 :: 		
0x0239	0x1686      	BSF        LCD_EN, BitPos(LCD_EN+0)
;__Lib_Lcd.c,156 :: 		
0x023A	0x200B      	CALL       _Delay_1us
;__Lib_Lcd.c,157 :: 		
0x023B	0x1286      	BCF        LCD_EN, BitPos(LCD_EN+0)
;__Lib_Lcd.c,159 :: 		
0x023C	0x1406      	BSF        LCD_D4, BitPos(LCD_D4+0)
;__Lib_Lcd.c,160 :: 		
0x023D	0x1686      	BSF        LCD_EN, BitPos(LCD_EN+0)
;__Lib_Lcd.c,161 :: 		
0x023E	0x200B      	CALL       _Delay_1us
;__Lib_Lcd.c,162 :: 		
0x023F	0x1286      	BCF        LCD_EN, BitPos(LCD_EN+0)
;__Lib_Lcd.c,163 :: 		
0x0240	0x200D      	CALL       _Delay_5500us
;__Lib_Lcd.c,166 :: 		
0x0241	0x1006      	BCF        LCD_D4, BitPos(LCD_D4+0)
;__Lib_Lcd.c,167 :: 		
0x0242	0x1686      	BSF        LCD_EN, BitPos(LCD_EN+0)
;__Lib_Lcd.c,168 :: 		
0x0243	0x200B      	CALL       _Delay_1us
;__Lib_Lcd.c,169 :: 		
0x0244	0x1286      	BCF        LCD_EN, BitPos(LCD_EN+0)
;__Lib_Lcd.c,171 :: 		
0x0245	0x1586      	BSF        LCD_D7, BitPos(LCD_D7+0)
;__Lib_Lcd.c,172 :: 		
0x0246	0x1506      	BSF        LCD_D6, BitPos(LCD_D6+0)
;__Lib_Lcd.c,173 :: 		
0x0247	0x1486      	BSF        LCD_D5, BitPos(LCD_D5+0)
;__Lib_Lcd.c,174 :: 		
0x0248	0x1406      	BSF        LCD_D4, BitPos(LCD_D4+0)
;__Lib_Lcd.c,175 :: 		
0x0249	0x1686      	BSF        LCD_EN, BitPos(LCD_EN+0)
;__Lib_Lcd.c,176 :: 		
0x024A	0x200B      	CALL       _Delay_1us
;__Lib_Lcd.c,177 :: 		
0x024B	0x1286      	BCF        LCD_EN, BitPos(LCD_EN+0)
;__Lib_Lcd.c,179 :: 		
0x024C	0x200D      	CALL       _Delay_5500us
;__Lib_Lcd.c,181 :: 		
0x024D	0x1453      	BSF        __Lib_Lcd_cmd_status, BitPos(__Lib_Lcd_cmd_status+0)
;__Lib_Lcd.c,182 :: 		
0x024E	0x0008      	RETURN
; end of _Lcd_Init
_ADC_Read:
;__Lib_ADC_A_C.c,4 :: 		
;__Lib_ADC_A_C.c,6 :: 		
0x024F	0x1283      	BCF        STATUS, 5
0x0250	0x1303      	BCF        STATUS, 6
0x0251	0x019F      	CLRF       ADCON0
;__Lib_ADC_A_C.c,7 :: 		
0x0252	0x30C0      	MOVLW      192
0x0253	0x049F      	IORWF      ADCON0, 1
;__Lib_ADC_A_C.c,8 :: 		
0x0254	0x1683      	BSF        STATUS, 5
0x0255	0x171F      	BSF        ADCON1, 6
;__Lib_ADC_A_C.c,9 :: 		
0x0256	0x179F      	BSF        ADCON1, 7
;__Lib_ADC_A_C.c,10 :: 		
0x0257	0x1283      	BCF        STATUS, 5
0x0258	0x085C      	MOVF       FARG_ADC_Read_channel, 0
0x0259	0x00F0      	MOVWF      R0
0x025A	0x0DF0      	RLF        R0, 1
0x025B	0x1070      	BCF        R0, 0
0x025C	0x0DF0      	RLF        R0, 1
0x025D	0x1070      	BCF        R0, 0
0x025E	0x0DF0      	RLF        R0, 1
0x025F	0x1070      	BCF        R0, 0
0x0260	0x0870      	MOVF       R0, 0
0x0261	0x049F      	IORWF      ADCON0, 1
;__Lib_ADC_A_C.c,13 :: 		
0x0262	0x141F      	BSF        ADCON0, 0
;__Lib_ADC_A_C.c,16 :: 		
0x0263	0x20BA      	CALL       _Delay_22us
;__Lib_ADC_A_C.c,19 :: 		
0x0264	0x151F      	BSF        ADCON0, 2
;__Lib_ADC_A_C.c,22 :: 		
L_ADC_Read0:
0x0265	0x1D1F      	BTFSS      ADCON0, 2
0x0266	0x2A69      	GOTO       L_ADC_Read1
;__Lib_ADC_A_C.c,23 :: 		
0x0267	0x0000      	NOP
0x0268	0x2A65      	GOTO       L_ADC_Read0
L_ADC_Read1:
;__Lib_ADC_A_C.c,26 :: 		
0x0269	0x101F      	BCF        ADCON0, 0
;__Lib_ADC_A_C.c,29 :: 		
0x026A	0x081E      	MOVF       ADRESH, 0
0x026B	0x00F1      	MOVWF      R0+1
0x026C	0x01F0      	CLRF       R0
0x026D	0x1683      	BSF        STATUS, 5
0x026E	0x081E      	MOVF       ADRESL, 0
0x026F	0x04F0      	IORWF      R0, 1
0x0270	0x3000      	MOVLW      0
0x0271	0x04F1      	IORWF      R0+1, 1
;__Lib_ADC_A_C.c,31 :: 		
0x0272	0x0008      	RETURN
; end of _ADC_Read
_UART1_Init:
;__Lib_UART_c67.c,2 :: 		
;__Lib_UART_c67.c,5 :: 		
0x0273	0x1683      	BSF        STATUS, 5
0x0274	0x1303      	BCF        STATUS, 6
0x0275	0x1698      	BSF        TXSTA, 5
;__Lib_UART_c67.c,6 :: 		
0x0276	0x3090      	MOVLW      144
0x0277	0x1283      	BCF        STATUS, 5
0x0278	0x0098      	MOVWF      RCSTA
;__Lib_UART_c67.c,7 :: 		
0x0279	0x1683      	BSF        STATUS, 5
0x027A	0x1787      	BSF        TRISC7_bit, 7
;__Lib_UART_c67.c,8 :: 		
0x027B	0x1307      	BCF        TRISC6_bit, 6
;__Lib_UART_c67.c,10 :: 		
L_UART1_Init0:
0x027C	0x1283      	BCF        STATUS, 5
0x027D	0x1E8C      	BTFSS      PIR1, 5
0x027E	0x2A82      	GOTO       L_UART1_Init1
;__Lib_UART_c67.c,11 :: 		
0x027F	0x081A      	MOVF       RCREG, 0
0x0280	0x00F0      	MOVWF      R0
0x0281	0x2A7C      	GOTO       L_UART1_Init0
L_UART1_Init1:
;__Lib_UART_c67.c,12 :: 		
0x0282	0x0008      	RETURN
; end of _UART1_Init
___CC2DW:
;__Lib_System.c,24 :: 		
;__Lib_System.c,27 :: 		
_CC2D_Loop1:
;__Lib_System.c,29 :: 		
0x0283	0x207C      	CALL       _____DoICP
0x0284	0x118A      	BCF        PCLATH, 3
0x0285	0x120A      	BCF        PCLATH, 4
;__Lib_System.c,31 :: 		
0x0286	0x0080      	MOVWF      INDF
;__Lib_System.c,32 :: 		
0x0287	0x0A84      	INCF       FSR, 1
;__Lib_System.c,33 :: 		
0x0288	0x0AD1      	INCF       ___DoICPAddr, 1
;__Lib_System.c,35 :: 		
0x0289	0x1903      	BTFSC      STATUS, 2
;__Lib_System.c,36 :: 		
0x028A	0x0AD2      	INCF       ___DoICPAddr+1, 1
;__Lib_System.c,37 :: 		
0x028B	0x03F0      	DECF       R0, 1
;__Lib_System.c,39 :: 		
0x028C	0x1D03      	BTFSS      STATUS, 2
;__Lib_System.c,40 :: 		
0x028D	0x2A83      	GOTO       _CC2D_Loop1
;__Lib_System.c,42 :: 		
0x028E	0x0008      	RETURN
; end of ___CC2DW
_main:
0x028F	0x2412      	CALL       1042
;glove.c,14 :: 		void main() {
;glove.c,20 :: 		i=1;j=1;m=1;k=1;
0x0290	0x1283      	BCF        STATUS, 5
0x0291	0x1303      	BCF        STATUS, 6
0x0292	0x14D3      	BSF        main_i_L0, BitPos(main_i_L0+0)
0x0293	0x1553      	BSF        main_j_L0, BitPos(main_j_L0+0)
0x0294	0x1653      	BSF        main_m_L0, BitPos(main_m_L0+0)
0x0295	0x15D3      	BSF        main_k_L0, BitPos(main_k_L0+0)
;glove.c,21 :: 		uart1_init(9600);
0x0296	0x3019      	MOVLW      25
0x0297	0x1683      	BSF        STATUS, 5
0x0298	0x0099      	MOVWF      SPBRG
0x0299	0x1518      	BSF        TXSTA, 2
0x029A	0x2273      	CALL       _UART1_Init
;glove.c,22 :: 		lcd_init();
0x029B	0x2201      	CALL       _Lcd_Init
;glove.c,24 :: 		for(;;)
L_main0:
;glove.c,26 :: 		rc=adc_read(1)*0.05;
0x029C	0x3001      	MOVLW      1
0x029D	0x00DC      	MOVWF      FARG_ADC_Read_channel
0x029E	0x224F      	CALL       _ADC_Read
0x029F	0x2195      	CALL       _Word2Double
0x02A0	0x30CD      	MOVLW      205
0x02A1	0x00F4      	MOVWF      R4
0x02A2	0x30CC      	MOVLW      204
0x02A3	0x00F5      	MOVWF      R4+1
0x02A4	0x304C      	MOVLW      76
0x02A5	0x00F6      	MOVWF      R4+2
0x02A6	0x307A      	MOVLW      122
0x02A7	0x00F7      	MOVWF      R4+3
0x02A8	0x2134      	CALL       _Mul_32x32_FP
0x02A9	0x20D7      	CALL       _Double2Int
0x02AA	0x0870      	MOVF       R0, 0
0x02AB	0x00D4      	MOVWF      main_rc_L0
0x02AC	0x0871      	MOVF       R0+1, 0
0x02AD	0x00D5      	MOVWF      main_rc_L0+1
;glove.c,27 :: 		lc=adc_read(0)*0.05;
0x02AE	0x01DC      	CLRF       FARG_ADC_Read_channel
0x02AF	0x224F      	CALL       _ADC_Read
0x02B0	0x2195      	CALL       _Word2Double
0x02B1	0x30CD      	MOVLW      205
0x02B2	0x00F4      	MOVWF      R4
0x02B3	0x30CC      	MOVLW      204
0x02B4	0x00F5      	MOVWF      R4+1
0x02B5	0x304C      	MOVLW      76
0x02B6	0x00F6      	MOVWF      R4+2
0x02B7	0x307A      	MOVLW      122
0x02B8	0x00F7      	MOVWF      R4+3
0x02B9	0x2134      	CALL       _Mul_32x32_FP
0x02BA	0x20D7      	CALL       _Double2Int
0x02BB	0x0870      	MOVF       R0, 0
0x02BC	0x00D6      	MOVWF      main_lc_L0
0x02BD	0x0871      	MOVF       R0+1, 0
0x02BE	0x00D7      	MOVWF      main_lc_L0+1
;glove.c,28 :: 		x=adc_read(4)*0.05;
0x02BF	0x3004      	MOVLW      4
0x02C0	0x00DC      	MOVWF      FARG_ADC_Read_channel
0x02C1	0x224F      	CALL       _ADC_Read
0x02C2	0x2195      	CALL       _Word2Double
0x02C3	0x30CD      	MOVLW      205
0x02C4	0x00F4      	MOVWF      R4
0x02C5	0x30CC      	MOVLW      204
0x02C6	0x00F5      	MOVWF      R4+1
0x02C7	0x304C      	MOVLW      76
0x02C8	0x00F6      	MOVWF      R4+2
0x02C9	0x307A      	MOVLW      122
0x02CA	0x00F7      	MOVWF      R4+3
0x02CB	0x2134      	CALL       _Mul_32x32_FP
0x02CC	0x20D7      	CALL       _Double2Int
0x02CD	0x0870      	MOVF       R0, 0
0x02CE	0x00D8      	MOVWF      main_x_L0
0x02CF	0x0871      	MOVF       R0+1, 0
0x02D0	0x00D9      	MOVWF      main_x_L0+1
;glove.c,29 :: 		y=adc_read(3)*0.05;
0x02D1	0x3003      	MOVLW      3
0x02D2	0x00DC      	MOVWF      FARG_ADC_Read_channel
0x02D3	0x224F      	CALL       _ADC_Read
0x02D4	0x2195      	CALL       _Word2Double
0x02D5	0x30CD      	MOVLW      205
0x02D6	0x00F4      	MOVWF      R4
0x02D7	0x30CC      	MOVLW      204
0x02D8	0x00F5      	MOVWF      R4+1
0x02D9	0x304C      	MOVLW      76
0x02DA	0x00F6      	MOVWF      R4+2
0x02DB	0x307A      	MOVLW      122
0x02DC	0x00F7      	MOVWF      R4+3
0x02DD	0x2134      	CALL       _Mul_32x32_FP
0x02DE	0x20D7      	CALL       _Double2Int
0x02DF	0x0870      	MOVF       R0, 0
0x02E0	0x00DA      	MOVWF      main_y_L0
0x02E1	0x0871      	MOVF       R0+1, 0
0x02E2	0x00DB      	MOVWF      main_y_L0+1
;glove.c,30 :: 		if(x>=18)
0x02E3	0x3080      	MOVLW      128
0x02E4	0x0659      	XORWF      main_x_L0+1, 0
0x02E5	0x00F0      	MOVWF      R0
0x02E6	0x3080      	MOVLW      128
0x02E7	0x0270      	SUBWF      R0, 0
0x02E8	0x1D03      	BTFSS      STATUS, 2
0x02E9	0x2AEC      	GOTO       L__main31
0x02EA	0x3012      	MOVLW      18
0x02EB	0x0258      	SUBWF      main_x_L0, 0
L__main31:
0x02EC	0x1C03      	BTFSS      STATUS, 0
0x02ED	0x2B00      	GOTO       L_main3
;glove.c,32 :: 		lcd_out(1,1,"X+");
0x02EE	0x3001      	MOVLW      1
0x02EF	0x00DC      	MOVWF      FARG_Lcd_Out_row
0x02F0	0x3001      	MOVLW      1
0x02F1	0x00DD      	MOVWF      FARG_Lcd_Out_column
0x02F2	0x302D      	MOVLW      ?lstr1_glove
0x02F3	0x00DE      	MOVWF      FARG_Lcd_Out_text
0x02F4	0x21AB      	CALL       _Lcd_Out
;glove.c,33 :: 		uart1_write_text("x+");
0x02F5	0x3021      	MOVLW      ?lstr2_glove
0x02F6	0x00DC      	MOVWF      FARG_UART1_Write_Text_uart_text
0x02F7	0x21EB      	CALL       _UART1_Write_Text
;glove.c,34 :: 		delay_ms(60);
0x02F8	0x304E      	MOVLW      78
0x02F9	0x00FC      	MOVWF      R12
0x02FA	0x30EB      	MOVLW      235
0x02FB	0x00FD      	MOVWF      R13
L_main4:
0x02FC	0x0BFD      	DECFSZ     R13, 1
0x02FD	0x2AFC      	GOTO       L_main4
0x02FE	0x0BFC      	DECFSZ     R12, 1
0x02FF	0x2AFC      	GOTO       L_main4
;glove.c,35 :: 		}
L_main3:
;glove.c,36 :: 		if(x<=15)
0x0300	0x3080      	MOVLW      128
0x0301	0x00F0      	MOVWF      R0
0x0302	0x3080      	MOVLW      128
0x0303	0x0659      	XORWF      main_x_L0+1, 0
0x0304	0x0270      	SUBWF      R0, 0
0x0305	0x1D03      	BTFSS      STATUS, 2
0x0306	0x2B09      	GOTO       L__main32
0x0307	0x0858      	MOVF       main_x_L0, 0
0x0308	0x3C0F      	SUBLW      15
L__main32:
0x0309	0x1C03      	BTFSS      STATUS, 0
0x030A	0x2B1D      	GOTO       L_main5
;glove.c,38 :: 		lcd_out(1,1,"X-");
0x030B	0x3001      	MOVLW      1
0x030C	0x00DC      	MOVWF      FARG_Lcd_Out_row
0x030D	0x3001      	MOVLW      1
0x030E	0x00DD      	MOVWF      FARG_Lcd_Out_column
0x030F	0x302A      	MOVLW      ?lstr3_glove
0x0310	0x00DE      	MOVWF      FARG_Lcd_Out_text
0x0311	0x21AB      	CALL       _Lcd_Out
;glove.c,39 :: 		uart1_write_text("x-");
0x0312	0x3027      	MOVLW      ?lstr4_glove
0x0313	0x00DC      	MOVWF      FARG_UART1_Write_Text_uart_text
0x0314	0x21EB      	CALL       _UART1_Write_Text
;glove.c,40 :: 		delay_ms(60);
0x0315	0x304E      	MOVLW      78
0x0316	0x00FC      	MOVWF      R12
0x0317	0x30EB      	MOVLW      235
0x0318	0x00FD      	MOVWF      R13
L_main6:
0x0319	0x0BFD      	DECFSZ     R13, 1
0x031A	0x2B19      	GOTO       L_main6
0x031B	0x0BFC      	DECFSZ     R12, 1
0x031C	0x2B19      	GOTO       L_main6
;glove.c,41 :: 		}
L_main5:
;glove.c,42 :: 		if(y>=18)
0x031D	0x3080      	MOVLW      128
0x031E	0x065B      	XORWF      main_y_L0+1, 0
0x031F	0x00F0      	MOVWF      R0
0x0320	0x3080      	MOVLW      128
0x0321	0x0270      	SUBWF      R0, 0
0x0322	0x1D03      	BTFSS      STATUS, 2
0x0323	0x2B26      	GOTO       L__main33
0x0324	0x3012      	MOVLW      18
0x0325	0x025A      	SUBWF      main_y_L0, 0
L__main33:
0x0326	0x1C03      	BTFSS      STATUS, 0
0x0327	0x2B3A      	GOTO       L_main7
;glove.c,44 :: 		lcd_out(1,1,"Y+");
0x0328	0x3001      	MOVLW      1
0x0329	0x00DC      	MOVWF      FARG_Lcd_Out_row
0x032A	0x3001      	MOVLW      1
0x032B	0x00DD      	MOVWF      FARG_Lcd_Out_column
0x032C	0x3024      	MOVLW      ?lstr5_glove
0x032D	0x00DE      	MOVWF      FARG_Lcd_Out_text
0x032E	0x21AB      	CALL       _Lcd_Out
;glove.c,45 :: 		uart1_write_text("y+");
0x032F	0x3045      	MOVLW      ?lstr6_glove
0x0330	0x00DC      	MOVWF      FARG_UART1_Write_Text_uart_text
0x0331	0x21EB      	CALL       _UART1_Write_Text
;glove.c,46 :: 		delay_ms(60);
0x0332	0x304E      	MOVLW      78
0x0333	0x00FC      	MOVWF      R12
0x0334	0x30EB      	MOVLW      235
0x0335	0x00FD      	MOVWF      R13
L_main8:
0x0336	0x0BFD      	DECFSZ     R13, 1
0x0337	0x2B36      	GOTO       L_main8
0x0338	0x0BFC      	DECFSZ     R12, 1
0x0339	0x2B36      	GOTO       L_main8
;glove.c,47 :: 		}
L_main7:
;glove.c,48 :: 		if(y<=15)
0x033A	0x3080      	MOVLW      128
0x033B	0x00F0      	MOVWF      R0
0x033C	0x3080      	MOVLW      128
0x033D	0x065B      	XORWF      main_y_L0+1, 0
0x033E	0x0270      	SUBWF      R0, 0
0x033F	0x1D03      	BTFSS      STATUS, 2
0x0340	0x2B43      	GOTO       L__main34
0x0341	0x085A      	MOVF       main_y_L0, 0
0x0342	0x3C0F      	SUBLW      15
L__main34:
0x0343	0x1C03      	BTFSS      STATUS, 0
0x0344	0x2B57      	GOTO       L_main9
;glove.c,50 :: 		lcd_out(1,1,"Y-");
0x0345	0x3001      	MOVLW      1
0x0346	0x00DC      	MOVWF      FARG_Lcd_Out_row
0x0347	0x3001      	MOVLW      1
0x0348	0x00DD      	MOVWF      FARG_Lcd_Out_column
0x0349	0x3042      	MOVLW      ?lstr7_glove
0x034A	0x00DE      	MOVWF      FARG_Lcd_Out_text
0x034B	0x21AB      	CALL       _Lcd_Out
;glove.c,51 :: 		uart1_write_text("y-");
0x034C	0x303F      	MOVLW      ?lstr8_glove
0x034D	0x00DC      	MOVWF      FARG_UART1_Write_Text_uart_text
0x034E	0x21EB      	CALL       _UART1_Write_Text
;glove.c,52 :: 		delay_ms(60);
0x034F	0x304E      	MOVLW      78
0x0350	0x00FC      	MOVWF      R12
0x0351	0x30EB      	MOVLW      235
0x0352	0x00FD      	MOVWF      R13
L_main10:
0x0353	0x0BFD      	DECFSZ     R13, 1
0x0354	0x2B53      	GOTO       L_main10
0x0355	0x0BFC      	DECFSZ     R12, 1
0x0356	0x2B53      	GOTO       L_main10
;glove.c,53 :: 		}
L_main9:
;glove.c,55 :: 		if(lc<=7&&k==1)
0x0357	0x3080      	MOVLW      128
0x0358	0x00F0      	MOVWF      R0
0x0359	0x3080      	MOVLW      128
0x035A	0x0657      	XORWF      main_lc_L0+1, 0
0x035B	0x0270      	SUBWF      R0, 0
0x035C	0x1D03      	BTFSS      STATUS, 2
0x035D	0x2B60      	GOTO       L__main35
0x035E	0x0856      	MOVF       main_lc_L0, 0
0x035F	0x3C07      	SUBLW      7
L__main35:
0x0360	0x1C03      	BTFSS      STATUS, 0
0x0361	0x2B78      	GOTO       L_main13
0x0362	0x1DD3      	BTFSS      main_k_L0, BitPos(main_k_L0+0)
0x0363	0x2B78      	GOTO       L_main13
L__main30:
;glove.c,57 :: 		lcd_out(2,1,"L1");
0x0364	0x3002      	MOVLW      2
0x0365	0x00DC      	MOVWF      FARG_Lcd_Out_row
0x0366	0x3001      	MOVLW      1
0x0367	0x00DD      	MOVWF      FARG_Lcd_Out_column
0x0368	0x304E      	MOVLW      ?lstr9_glove
0x0369	0x00DE      	MOVWF      FARG_Lcd_Out_text
0x036A	0x21AB      	CALL       _Lcd_Out
;glove.c,58 :: 		uart1_write_text("l1");
0x036B	0x304B      	MOVLW      ?lstr10_glove
0x036C	0x00DC      	MOVWF      FARG_UART1_Write_Text_uart_text
0x036D	0x21EB      	CALL       _UART1_Write_Text
;glove.c,59 :: 		k=0;
0x036E	0x11D3      	BCF        main_k_L0, BitPos(main_k_L0+0)
;glove.c,60 :: 		m=1;
0x036F	0x1653      	BSF        main_m_L0, BitPos(main_m_L0+0)
;glove.c,61 :: 		delay_ms(60);
0x0370	0x304E      	MOVLW      78
0x0371	0x00FC      	MOVWF      R12
0x0372	0x30EB      	MOVLW      235
0x0373	0x00FD      	MOVWF      R13
L_main14:
0x0374	0x0BFD      	DECFSZ     R13, 1
0x0375	0x2B74      	GOTO       L_main14
0x0376	0x0BFC      	DECFSZ     R12, 1
0x0377	0x2B74      	GOTO       L_main14
;glove.c,62 :: 		}
L_main13:
;glove.c,63 :: 		if(lc>=9&&m==1)
0x0378	0x3080      	MOVLW      128
0x0379	0x0657      	XORWF      main_lc_L0+1, 0
0x037A	0x00F0      	MOVWF      R0
0x037B	0x3080      	MOVLW      128
0x037C	0x0270      	SUBWF      R0, 0
0x037D	0x1D03      	BTFSS      STATUS, 2
0x037E	0x2B81      	GOTO       L__main36
0x037F	0x3009      	MOVLW      9
0x0380	0x0256      	SUBWF      main_lc_L0, 0
L__main36:
0x0381	0x1C03      	BTFSS      STATUS, 0
0x0382	0x2B99      	GOTO       L_main17
0x0383	0x1E53      	BTFSS      main_m_L0, BitPos(main_m_L0+0)
0x0384	0x2B99      	GOTO       L_main17
L__main29:
;glove.c,65 :: 		lcd_out(2,1,"L2");
0x0385	0x3002      	MOVLW      2
0x0386	0x00DC      	MOVWF      FARG_Lcd_Out_row
0x0387	0x3001      	MOVLW      1
0x0388	0x00DD      	MOVWF      FARG_Lcd_Out_column
0x0389	0x3048      	MOVLW      ?lstr11_glove
0x038A	0x00DE      	MOVWF      FARG_Lcd_Out_text
0x038B	0x21AB      	CALL       _Lcd_Out
;glove.c,66 :: 		uart1_write_text("l2");
0x038C	0x3036      	MOVLW      ?lstr12_glove
0x038D	0x00DC      	MOVWF      FARG_UART1_Write_Text_uart_text
0x038E	0x21EB      	CALL       _UART1_Write_Text
;glove.c,67 :: 		m=0;
0x038F	0x1253      	BCF        main_m_L0, BitPos(main_m_L0+0)
;glove.c,68 :: 		k=1;
0x0390	0x15D3      	BSF        main_k_L0, BitPos(main_k_L0+0)
;glove.c,69 :: 		delay_ms(60);
0x0391	0x304E      	MOVLW      78
0x0392	0x00FC      	MOVWF      R12
0x0393	0x30EB      	MOVLW      235
0x0394	0x00FD      	MOVWF      R13
L_main18:
0x0395	0x0BFD      	DECFSZ     R13, 1
0x0396	0x2B95      	GOTO       L_main18
0x0397	0x0BFC      	DECFSZ     R12, 1
0x0398	0x2B95      	GOTO       L_main18
;glove.c,70 :: 		}
L_main17:
;glove.c,71 :: 		if(rc<=12&&i==1)
0x0399	0x3080      	MOVLW      128
0x039A	0x00F0      	MOVWF      R0
0x039B	0x3080      	MOVLW      128
0x039C	0x0655      	XORWF      main_rc_L0+1, 0
0x039D	0x0270      	SUBWF      R0, 0
0x039E	0x1D03      	BTFSS      STATUS, 2
0x039F	0x2BA2      	GOTO       L__main37
0x03A0	0x0854      	MOVF       main_rc_L0, 0
0x03A1	0x3C0C      	SUBLW      12
L__main37:
0x03A2	0x1C03      	BTFSS      STATUS, 0
0x03A3	0x2BBA      	GOTO       L_main21
0x03A4	0x1CD3      	BTFSS      main_i_L0, BitPos(main_i_L0+0)
0x03A5	0x2BBA      	GOTO       L_main21
L__main28:
;glove.c,73 :: 		lcd_out(2,1,"r1");
0x03A6	0x3002      	MOVLW      2
0x03A7	0x00DC      	MOVWF      FARG_Lcd_Out_row
0x03A8	0x3001      	MOVLW      1
0x03A9	0x00DD      	MOVWF      FARG_Lcd_Out_column
0x03AA	0x3033      	MOVLW      ?lstr13_glove
0x03AB	0x00DE      	MOVWF      FARG_Lcd_Out_text
0x03AC	0x21AB      	CALL       _Lcd_Out
;glove.c,74 :: 		uart1_write_text("r1");
0x03AD	0x3030      	MOVLW      ?lstr14_glove
0x03AE	0x00DC      	MOVWF      FARG_UART1_Write_Text_uart_text
0x03AF	0x21EB      	CALL       _UART1_Write_Text
;glove.c,75 :: 		i=0;
0x03B0	0x10D3      	BCF        main_i_L0, BitPos(main_i_L0+0)
;glove.c,76 :: 		j=1;
0x03B1	0x1553      	BSF        main_j_L0, BitPos(main_j_L0+0)
;glove.c,77 :: 		delay_ms(60);
0x03B2	0x304E      	MOVLW      78
0x03B3	0x00FC      	MOVWF      R12
0x03B4	0x30EB      	MOVLW      235
0x03B5	0x00FD      	MOVWF      R13
L_main22:
0x03B6	0x0BFD      	DECFSZ     R13, 1
0x03B7	0x2BB6      	GOTO       L_main22
0x03B8	0x0BFC      	DECFSZ     R12, 1
0x03B9	0x2BB6      	GOTO       L_main22
;glove.c,78 :: 		}
L_main21:
;glove.c,79 :: 		if(rc>=14&&j==1)
0x03BA	0x3080      	MOVLW      128
0x03BB	0x0655      	XORWF      main_rc_L0+1, 0
0x03BC	0x00F0      	MOVWF      R0
0x03BD	0x3080      	MOVLW      128
0x03BE	0x0270      	SUBWF      R0, 0
0x03BF	0x1D03      	BTFSS      STATUS, 2
0x03C0	0x2BC3      	GOTO       L__main38
0x03C1	0x300E      	MOVLW      14
0x03C2	0x0254      	SUBWF      main_rc_L0, 0
L__main38:
0x03C3	0x1C03      	BTFSS      STATUS, 0
0x03C4	0x2BDB      	GOTO       L_main25
0x03C5	0x1D53      	BTFSS      main_j_L0, BitPos(main_j_L0+0)
0x03C6	0x2BDB      	GOTO       L_main25
L__main27:
;glove.c,81 :: 		lcd_out(2,1,"r2");
0x03C7	0x3002      	MOVLW      2
0x03C8	0x00DC      	MOVWF      FARG_Lcd_Out_row
0x03C9	0x3001      	MOVLW      1
0x03CA	0x00DD      	MOVWF      FARG_Lcd_Out_column
0x03CB	0x303C      	MOVLW      ?lstr15_glove
0x03CC	0x00DE      	MOVWF      FARG_Lcd_Out_text
0x03CD	0x21AB      	CALL       _Lcd_Out
;glove.c,82 :: 		uart1_write_text("r2");
0x03CE	0x3039      	MOVLW      ?lstr16_glove
0x03CF	0x00DC      	MOVWF      FARG_UART1_Write_Text_uart_text
0x03D0	0x21EB      	CALL       _UART1_Write_Text
;glove.c,83 :: 		j=0;
0x03D1	0x1153      	BCF        main_j_L0, BitPos(main_j_L0+0)
;glove.c,84 :: 		i=1;
0x03D2	0x14D3      	BSF        main_i_L0, BitPos(main_i_L0+0)
;glove.c,85 :: 		delay_ms(60);
0x03D3	0x304E      	MOVLW      78
0x03D4	0x00FC      	MOVWF      R12
0x03D5	0x30EB      	MOVLW      235
0x03D6	0x00FD      	MOVWF      R13
L_main26:
0x03D7	0x0BFD      	DECFSZ     R13, 1
0x03D8	0x2BD7      	GOTO       L_main26
0x03D9	0x0BFC      	DECFSZ     R12, 1
0x03DA	0x2BD7      	GOTO       L_main26
;glove.c,86 :: 		}
L_main25:
;glove.c,90 :: 		}
0x03DB	0x2A9C      	GOTO       L_main0
;glove.c,92 :: 		}
0x03DC	0x2BDC      	GOTO       $+0
; end of _main
0x0412	0x3021      	MOVLW      33
0x0413	0x0084      	MOVWF      FSR
0x0414	0x3030      	MOVLW      48
0x0415	0x1283      	BCF        STATUS, 5
0x0416	0x1303      	BCF        STATUS, 6
0x0417	0x00F0      	MOVWF      R0
0x0418	0x30E2      	MOVLW      226
0x0419	0x00D1      	MOVWF      ___DoICPAddr
0x041A	0x3003      	MOVLW      3
0x041B	0x00D2      	MOVWF      82
0x041C	0x2283      	CALL       643
0x041D	0x0008      	RETURN
;glove.c,0 :: ?ICS?lstr2_glove
0x03E2	0x3478 ;?ICS?lstr2_glove+0
0x03E3	0x342B ;?ICS?lstr2_glove+1
0x03E4	0x3400 ;?ICS?lstr2_glove+2
; end of ?ICS?lstr2_glove
;glove.c,0 :: ?ICS?lstr5_glove
0x03E5	0x3459 ;?ICS?lstr5_glove+0
0x03E6	0x342B ;?ICS?lstr5_glove+1
0x03E7	0x3400 ;?ICS?lstr5_glove+2
; end of ?ICS?lstr5_glove
;glove.c,0 :: ?ICS?lstr4_glove
0x03E8	0x3478 ;?ICS?lstr4_glove+0
0x03E9	0x342D ;?ICS?lstr4_glove+1
0x03EA	0x3400 ;?ICS?lstr4_glove+2
; end of ?ICS?lstr4_glove
;glove.c,0 :: ?ICS?lstr3_glove
0x03EB	0x3458 ;?ICS?lstr3_glove+0
0x03EC	0x342D ;?ICS?lstr3_glove+1
0x03ED	0x3400 ;?ICS?lstr3_glove+2
; end of ?ICS?lstr3_glove
;glove.c,0 :: ?ICS?lstr1_glove
0x03EE	0x3458 ;?ICS?lstr1_glove+0
0x03EF	0x342B ;?ICS?lstr1_glove+1
0x03F0	0x3400 ;?ICS?lstr1_glove+2
; end of ?ICS?lstr1_glove
;glove.c,0 :: ?ICS?lstr14_glove
0x03F1	0x3472 ;?ICS?lstr14_glove+0
0x03F2	0x3431 ;?ICS?lstr14_glove+1
0x03F3	0x3400 ;?ICS?lstr14_glove+2
; end of ?ICS?lstr14_glove
;glove.c,0 :: ?ICS?lstr13_glove
0x03F4	0x3472 ;?ICS?lstr13_glove+0
0x03F5	0x3431 ;?ICS?lstr13_glove+1
0x03F6	0x3400 ;?ICS?lstr13_glove+2
; end of ?ICS?lstr13_glove
;glove.c,0 :: ?ICS?lstr12_glove
0x03F7	0x346C ;?ICS?lstr12_glove+0
0x03F8	0x3432 ;?ICS?lstr12_glove+1
0x03F9	0x3400 ;?ICS?lstr12_glove+2
; end of ?ICS?lstr12_glove
;glove.c,0 :: ?ICS?lstr16_glove
0x03FA	0x3472 ;?ICS?lstr16_glove+0
0x03FB	0x3432 ;?ICS?lstr16_glove+1
0x03FC	0x3400 ;?ICS?lstr16_glove+2
; end of ?ICS?lstr16_glove
;glove.c,0 :: ?ICS?lstr15_glove
0x03FD	0x3472 ;?ICS?lstr15_glove+0
0x03FE	0x3432 ;?ICS?lstr15_glove+1
0x03FF	0x3400 ;?ICS?lstr15_glove+2
; end of ?ICS?lstr15_glove
;glove.c,0 :: ?ICS?lstr8_glove
0x0400	0x3479 ;?ICS?lstr8_glove+0
0x0401	0x342D ;?ICS?lstr8_glove+1
0x0402	0x3400 ;?ICS?lstr8_glove+2
; end of ?ICS?lstr8_glove
;glove.c,0 :: ?ICS?lstr7_glove
0x0403	0x3459 ;?ICS?lstr7_glove+0
0x0404	0x342D ;?ICS?lstr7_glove+1
0x0405	0x3400 ;?ICS?lstr7_glove+2
; end of ?ICS?lstr7_glove
;glove.c,0 :: ?ICS?lstr6_glove
0x0406	0x3479 ;?ICS?lstr6_glove+0
0x0407	0x342B ;?ICS?lstr6_glove+1
0x0408	0x3400 ;?ICS?lstr6_glove+2
; end of ?ICS?lstr6_glove
;glove.c,0 :: ?ICS?lstr11_glove
0x0409	0x344C ;?ICS?lstr11_glove+0
0x040A	0x3432 ;?ICS?lstr11_glove+1
0x040B	0x3400 ;?ICS?lstr11_glove+2
; end of ?ICS?lstr11_glove
;glove.c,0 :: ?ICS?lstr10_glove
0x040C	0x346C ;?ICS?lstr10_glove+0
0x040D	0x3431 ;?ICS?lstr10_glove+1
0x040E	0x3400 ;?ICS?lstr10_glove+2
; end of ?ICS?lstr10_glove
;glove.c,0 :: ?ICS?lstr9_glove
0x040F	0x344C ;?ICS?lstr9_glove+0
0x0410	0x3431 ;?ICS?lstr9_glove+1
0x0411	0x3400 ;?ICS?lstr9_glove+2
; end of ?ICS?lstr9_glove
Symbol List:
//** Routines locations **
//ADDRESS    SIZE    PROCEDURE
//----------------------------------------------
0x0003       [8]    _Delay_50us
0x000B       [2]    _Delay_1us
0x000D      [11]    _Delay_5500us
0x0018      [12]    _SETFUN32
0x0024      [64]    _Lcd_Cmd
0x0064       [4]    _FIXSIGN32
0x0068       [7]    _RES032
0x006F      [13]    _SETIOV3224
0x007C       [7]    _____DoICP
0x0083      [47]    _NRM3232
0x00B2       [8]    _Lcd_Chr_CP
0x00BA       [7]    _Delay_22us
0x00C1      [10]    _UART1_Write
0x00CB      [12]    _SETFOV32
0x00D7      [93]    _Double2Int
0x0134      [97]    _Mul_32x32_FP
0x0195      [22]    _Word2Double
0x01AB      [64]    _Lcd_Out
0x01EB      [22]    _UART1_Write_Text
0x0201      [78]    _Lcd_Init
0x024F      [36]    _ADC_Read
0x0273      [16]    _UART1_Init
0x0283      [12]    ___CC2DW
0x028F     [333]    _main
//** Variables locations ** 
//ADDRESS    SIZE    VARIABLE
//----------------------------------------------
0x0000       [1]    INDF
0x0001       [1]    TMR0
0x0002       [1]    PCL
0x0003       [0]    NOT_PD_bit
0x0003       [0]    C_bit
0x0003       [0]    RP1_bit
0x0003       [0]    Z_bit
0x0003       [0]    IRP_bit
0x0003       [0]    DC_bit
0x0003       [1]    STATUS
0x0003       [0]    NOT_TO_bit
0x0003       [0]    RP0_bit
0x0004       [1]    FSRPTR
0x0004       [1]    FSR
0x0005       [0]    RA3_bit
0x0005       [0]    RA4_bit
0x0005       [0]    RA5_bit
0x0005       [0]    RA2_bit
0x0005       [1]    PORTA
0x0005       [0]    RA0_bit
0x0005       [0]    RA1_bit
0x0006       [0]    RB2_bit
0x0006       [0]    RB1_bit
0x0006       [0]    RB0_bit
0x0006       [0]    RB3_bit
0x0006       [0]    RB5_bit
0x0006       [0]    RB6_bit
0x0006       [0]    RB7_bit
0x0006       [0]    RB4_bit
0x0006       [1]    PORTB
0x0006       [0]    LCD_D6
0x0006       [0]    LCD_D7
0x0006       [0]    LCD_D5
0x0006       [0]    LCD_RS
0x0006       [0]    LCD_EN
0x0006       [0]    LCD_D4
0x0007       [0]    RC5_bit
0x0007       [0]    RC1_bit
0x0007       [0]    RC0_bit
0x0007       [0]    RC2_bit
0x0007       [0]    RC4_bit
0x0007       [0]    RC3_bit
0x0007       [0]    RC6_bit
0x0007       [1]    PORTC
0x0007       [0]    RC7_bit
0x000A       [1]    PCLATH
0x000B       [0]    TMR0IF_bit
0x000B       [0]    T0IF_bit
0x000B       [0]    RBIE_bit
0x000B       [0]    RBIF_bit
0x000B       [0]    INTF_bit
0x000B       [1]    INTCON
0x000B       [0]    GIE_bit
0x000B       [0]    PEIE_bit
0x000B       [0]    TMR0IE_bit
0x000B       [0]    T0IE_bit
0x000B       [0]    INTE_bit
0x000C       [0]    TMR1IF_bit
0x000C       [0]    SSPIF_bit
0x000C       [0]    CCP1IF_bit
0x000C       [0]    TMR2IF_bit
0x000C       [0]    RCIF_bit
0x000C       [0]    TXIF_bit
0x000C       [1]    PIR1
0x000C       [0]    ADIF_bit
0x000D       [0]    EEIF_bit
0x000D       [0]    CMIF_bit
0x000D       [1]    PIR2
0x000D       [0]    BCLIF_bit
0x000D       [0]    CCP2IF_bit
0x000E       [1]    TMR1L
0x000F       [1]    TMR1H
0x0010       [0]    TMR1CS_bit
0x0010       [0]    T1SYNC_bit
0x0010       [1]    T1CON
0x0010       [0]    TMR1ON_bit
0x0010       [0]    T1INSYNC_bit
0x0010       [0]    T1CKPS0_bit
0x0010       [0]    T1CKPS1_bit
0x0010       [0]    NOT_T1SYNC_bit
0x0010       [0]    T1OSCEN_bit
0x0011       [1]    TMR2
0x0012       [0]    T2CKPS0_bit
0x0012       [0]    T2CKPS1_bit
0x0012       [0]    TMR2ON_bit
0x0012       [0]    TOUTPS2_bit
0x0012       [0]    TOUTPS3_bit
0x0012       [0]    TOUTPS0_bit
0x0012       [0]    TOUTPS1_bit
0x0012       [1]    T2CON
0x0013       [1]    SSPBUF
0x0014       [0]    SSPM3_bit
0x0014       [0]    CKP_bit
0x0014       [0]    SSPEN_bit
0x0014       [0]    SSPM1_bit
0x0014       [0]    SSPM0_bit
0x0014       [0]    SSPM2_bit
0x0014       [0]    SSPOV_bit
0x0014       [0]    WCOL_bit
0x0014       [1]    SSPCON
0x0015       [2]    CCPR1
0x0015       [1]    CCPR1L
0x0016       [1]    CCPR1H
0x0017       [0]    CCP1M1_bit
0x0017       [0]    CCP1M3_bit
0x0017       [0]    CCP1M2_bit
0x0017       [0]    CCP1M0_bit
0x0017       [0]    CCP1Y_bit
0x0017       [1]    CCP1CON
0x0017       [0]    CCP1X_bit
0x0018       [0]    ADDEN_bit
0x0018       [0]    CREN_bit
0x0018       [0]    SREN_bit
0x0018       [0]    FERR_bit
0x0018       [0]    RCD8_bit
0x0018       [0]    RX9D_bit
0x0018       [0]    OERR_bit
0x0018       [0]    SPEN_bit
0x0018       [1]    RCSTA
0x0018       [0]    RX9_bit
0x0018       [0]    RC8_9_bit
0x0018       [0]    NOT_RC8_bit
0x0018       [0]    RC9_bit
0x0019       [1]    TXREG
0x001A       [1]    RCREG
0x001B       [1]    CCPR2L
0x001B       [2]    CCPR2
0x001C       [1]    CCPR2H
0x001D       [0]    CCP2M0_bit
0x001D       [0]    CCP2M1_bit
0x001D       [0]    CCP2M2_bit
0x001D       [0]    CCP2Y_bit
0x001D       [0]    CCP2X_bit
0x001D       [1]    CCP2CON
0x001D       [0]    CCP2M3_bit
0x001E       [1]    ADRESH
0x001F       [0]    CHS0_bit
0x001F       [0]    GO_DONE_bit
0x001F       [0]    NOT_DONE_bit
0x001F       [0]    ADON_bit
0x001F       [0]    GO_bit
0x001F       [0]    CHS1_bit
0x001F       [0]    CHS2_bit
0x001F       [0]    ADCS0_bit
0x001F       [0]    ADCS1_bit
0x001F       [1]    ADCON0
0x0020       [1]    __math_tempbD
0x0021       [3]    ?lstr2_glove
0x0024       [3]    ?lstr5_glove
0x0027       [3]    ?lstr4_glove
0x002A       [3]    ?lstr3_glove
0x002D       [3]    ?lstr1_glove
0x0030       [3]    ?lstr14_glove
0x0033       [3]    ?lstr13_glove
0x0036       [3]    ?lstr12_glove
0x0039       [3]    ?lstr16_glove
0x003C       [3]    ?lstr15_glove
0x003F       [3]    ?lstr8_glove
0x0042       [3]    ?lstr7_glove
0x0045       [3]    ?lstr6_glove
0x0048       [3]    ?lstr11_glove
0x004B       [3]    ?lstr10_glove
0x004E       [3]    ?lstr9_glove
0x0051       [2]    ___DoICPAddr
0x0053       [0]    main_i_L0
0x0053       [0]    main_j_L0
0x0053       [0]    __Lib_Lcd_cmd_status
0x0053       [0]    main_m_L0
0x0053       [0]    main_k_L0
0x0054       [2]    main_rc_L0
0x0056       [2]    main_lc_L0
0x0058       [2]    main_x_L0
0x005A       [2]    main_y_L0
0x005C       [1]    FARG_Lcd_Out_row
0x005C       [1]    FARG_ADC_Read_channel
0x005C       [1]    FARG_UART1_Write_Text_uart_text
0x005D       [1]    UART1_Write_Text_data__L0
0x005D       [1]    FARG_Lcd_Out_column
0x005E       [1]    UART1_Write_Text_counter_L0
0x005E       [1]    FARG_Lcd_Out_text
0x005F       [1]    Lcd_Out_i_L0
0x0060       [1]    FARG_Lcd_Chr_CP_out_char
0x0060       [1]    FARG_UART1_Write_data_
0x0061       [1]    FARG_Lcd_Cmd_out_char
0x0070       [1]    R0
0x0071       [1]    R1
0x0072       [1]    R2
0x0073       [1]    R3
0x0074       [1]    R4
0x0075       [1]    R5
0x0076       [1]    R6
0x0077       [1]    R7
0x0078       [1]    R8
0x0079       [1]    R9
0x007A       [1]    R10
0x007B       [1]    R11
0x007C       [1]    R12
0x007D       [1]    R13
0x007E       [1]    R14
0x007F       [1]    R15
0x0081       [0]    PSA_bit
0x0081       [0]    PS0_bit
0x0081       [0]    T0SE_bit
0x0081       [0]    PS1_bit
0x0081       [1]    OPTION_REG
0x0081       [0]    T0CS_bit
0x0081       [0]    PS2_bit
0x0081       [0]    NOT_RBPU_bit
0x0081       [0]    INTEDG_bit
0x0085       [1]    TRISA
0x0085       [0]    TRISA0_bit
0x0085       [0]    TRISA2_bit
0x0085       [0]    TRISA1_bit
0x0085       [0]    TRISA3_bit
0x0085       [0]    TRISA5_bit
0x0085       [0]    TRISA4_bit
0x0086       [0]    LCD_D6_Direction
0x0086       [0]    LCD_D7_Direction
0x0086       [0]    LCD_D5_Direction
0x0086       [0]    LCD_EN_Direction
0x0086       [0]    LCD_D4_Direction
0x0086       [0]    TRISB3_bit
0x0086       [0]    TRISB7_bit
0x0086       [1]    TRISB
0x0086       [0]    TRISB6_bit
0x0086       [0]    TRISB4_bit
0x0086       [0]    TRISB5_bit
0x0086       [0]    LCD_RS_Direction
0x0086       [0]    TRISB0_bit
0x0086       [0]    TRISB1_bit
0x0086       [0]    TRISB2_bit
0x0087       [0]    TRISC1_bit
0x0087       [0]    TRISC2_bit
0x0087       [0]    TRISC0_bit
0x0087       [1]    TRISC
0x0087       [0]    TRISC7_bit
0x0087       [0]    TRISC3_bit
0x0087       [0]    TRISC4_bit
0x0087       [0]    TRISC6_bit
0x0087       [0]    TRISC5_bit
0x008C       [0]    SSPIE_bit
0x008C       [0]    TXIE_bit
0x008C       [0]    ADIE_bit
0x008C       [0]    CCP1IE_bit
0x008C       [1]    PIE1
0x008C       [0]    RCIE_bit
0x008C       [0]    TMR2IE_bit
0x008C       [0]    TMR1IE_bit
0x008D       [0]    EEIE_bit
0x008D       [1]    PIE2
0x008D       [0]    CCP2IE_bit
0x008D       [0]    BCLIE_bit
0x008D       [0]    CMIE_bit
0x008E       [0]    NOT_BOR_bit
0x008E       [1]    PCON
0x008E       [0]    NOT_POR_bit
0x008E       [0]    NOT_BO_bit
0x0091       [1]    SSPCON2
0x0091       [0]    PEN_bit
0x0091       [0]    SEN_bit
0x0091       [0]    RSEN_bit
0x0091       [0]    GCEN_bit
0x0091       [0]    ACKDT_bit
0x0091       [0]    ACKEN_bit
0x0091       [0]    ACKSTAT_bit
0x0091       [0]    RCEN_bit
0x0092       [1]    PR2
0x0093       [1]    SSPADD
0x0094       [0]    S_bit
0x0094       [0]    I2C_START__bit
0x0094       [0]    I2C_READ_bit
0x0094       [0]    R_bit
0x0094       [0]    D_A_bit
0x0094       [0]    NOT_ADDRESS_bit
0x0094       [0]    DATA_ADDRESS_bit
0x0094       [0]    I2C_STOP__bit
0x0094       [0]    P_bit
0x0094       [0]    NOT_W_bit
0x0094       [0]    NOT_A_bit
0x0094       [0]    SMP_bit
0x0094       [0]    I2C_DATA_bit
0x0094       [1]    SSPSTAT
0x0094       [0]    D_bit
0x0094       [0]    BF_bit
0x0094       [0]    READ_WRITE_bit
0x0094       [0]    R_W_bit
0x0094       [0]    NOT_WRITE_bit
0x0094       [0]    UA_bit
0x0094       [0]    CKE_bit
0x0098       [1]    TXSTA
0x0098       [0]    BRGH_bit
0x0098       [0]    SYNC_bit
0x0098       [0]    TRMT_bit
0x0098       [0]    TXD8_bit
0x0098       [0]    TX9D_bit
0x0098       [0]    TX9_bit
0x0098       [0]    CSRC_bit
0x0098       [0]    NOT_TX8_bit
0x0098       [0]    TXEN_bit
0x0098       [0]    TX8_9_bit
0x0099       [1]    SPBRG
0x009C       [1]    CMCON
0x009C       [0]    C2OUT_bit
0x009C       [0]    CM2_bit
0x009C       [0]    CM1_bit
0x009C       [0]    C1OUT_bit
0x009C       [0]    CIS_bit
0x009C       [0]    C1INV_bit
0x009C       [0]    C2INV_bit
0x009C       [0]    CM0_bit
0x009D       [0]    CVR2_bit
0x009D       [0]    CVR1_bit
0x009D       [0]    CVR0_bit
0x009D       [0]    CVR3_bit
0x009D       [0]    CVREN_bit
0x009D       [0]    CVROE_bit
0x009D       [0]    CVRR_bit
0x009D       [1]    CVRCON
0x009E       [1]    ADRESL
0x009F       [0]    ADCS2_bit
0x009F       [0]    ADFM_bit
0x009F       [0]    PCFG1_bit
0x009F       [0]    PCFG0_bit
0x009F       [0]    PCFG3_bit
0x009F       [0]    PCFG2_bit
0x009F       [1]    ADCON1
0x010C       [1]    EEDATA
0x010D       [1]    EEADR
0x010E       [1]    EEDATH
0x010F       [1]    EEADRH
0x018C       [0]    WR_bit
0x018C       [0]    RD_bit
0x018C       [0]    EEPGD_bit
0x018C       [1]    EECON1
0x018C       [0]    WRERR_bit
0x018C       [0]    WREN_bit
0x018D       [1]    EECON2
//** Constants locations ** 
//ADDRESS    SIZE    CONSTANT
//----------------------------------------------
0x03E2       [3]    ?ICS?lstr2_glove
0x03E5       [3]    ?ICS?lstr5_glove
0x03E8       [3]    ?ICS?lstr4_glove
0x03EB       [3]    ?ICS?lstr3_glove
0x03EE       [3]    ?ICS?lstr1_glove
0x03F1       [3]    ?ICS?lstr14_glove
0x03F4       [3]    ?ICS?lstr13_glove
0x03F7       [3]    ?ICS?lstr12_glove
0x03FA       [3]    ?ICS?lstr16_glove
0x03FD       [3]    ?ICS?lstr15_glove
0x0400       [3]    ?ICS?lstr8_glove
0x0403       [3]    ?ICS?lstr7_glove
0x0406       [3]    ?ICS?lstr6_glove
0x0409       [3]    ?ICS?lstr11_glove
0x040C       [3]    ?ICS?lstr10_glove
0x040F       [3]    ?ICS?lstr9_glove
//** Label List: ** 
//----------------------------------------------
  L_main0
  L_main1
  L_main2
  L_main3
  L_main4
  L_main5
  L_main6
  L_main7
  L_main8
  L_main9
  L_main10
  L_main11
  L_main12
  L_main13
  L_main14
  L_main15
  L_main16
  L_main17
  L_main18
  L_main19
  L_main20
  L_main21
  L_main22
  L_main23
  L_main24
  L_main25
  L_main26
  L__main27
  L__main28
  L__main29
  L__main30
  _main
  L__main31
  L__main32
  L__main33
  L__main34
  L__main35
  L__main36
  L__main37
  L__main38
  L_ADC_Read0
  L_ADC_Read1
  _ADC_Read
  L_Delay_10us0
  L_Delay_22us1
  L_Delay_50us2
  L_Delay_80us3
  L_Delay_500us4
  L_Delay_5500us5
  L_Delay_8ms6
  L_Delay_5ms7
  L_Delay_100ms8
  L_Delay_1sec9
  L_boot16_Delay_5ms10
  L_Delay_Cyc11
  L_Delay_Cyc12
  L_VDelay_ms13
  L_VDelay_ms14
  L_VDelay_ms15
  L_VDelay_Advanced_ms16
  L_VDelay_Advanced_ms17
  L_VDelay_Advanced_ms18
  _Get_Fosc_kHz
  _Delay_1us
  _Delay_10us
  _Delay_22us
  _Delay_50us
  _Delay_80us
  _Delay_500us
  _Delay_5500us
  _Delay_8ms
  _Delay_5ms
  _Delay_100ms
  _Delay_1sec
  _boot16_Delay_5ms
  _Delay_Cyc
  _VDelay_ms
  L__VDelay_ms19
  L__VDelay_ms20
  L__VDelay_ms21
  _VDelay_Advanced_ms
  L__VDelay_Advanced_ms22
  L__VDelay_Advanced_ms23
  L__VDelay_Advanced_ms24
  L_Lcd_Cmd0
  L_Lcd_Cmd1
  L_Lcd_Out_CP2
  L_Lcd_Out_CP3
  L_Lcd_Chr4
  L_Lcd_Chr5
  L_Lcd_Chr6
  L_Lcd_Chr7
  L_Lcd_Chr8
  L_Lcd_Chr9
  L_Lcd_Chr10
  L_Lcd_Out11
  L_Lcd_Out12
  L_Lcd_Out13
  L_Lcd_Out14
  L_Lcd_Out15
  L_Lcd_Out16
  L_Lcd_Out17
  L_Lcd_Out18
  L_Lcd_Out19
  _Lcd_Cmd
  L__Lcd_Cmd20
  L__Lcd_Cmd21
  L__Lcd_Cmd22
  L__Lcd_Cmd23
  L__Lcd_Cmd24
  L__Lcd_Cmd25
  L__Lcd_Cmd26
  L__Lcd_Cmd27
  L__Lcd_Cmd28
  L__Lcd_Cmd29
  L__Lcd_Cmd30
  L__Lcd_Cmd31
  L__Lcd_Cmd32
  L__Lcd_Cmd33
  L__Lcd_Cmd34
  L__Lcd_Cmd35
  L__Lcd_Cmd36
  L__Lcd_Cmd37
  L__Lcd_Cmd38
  L__Lcd_Cmd39
  _Lcd_Chr_CP
  _Lcd_Out_CP
  _Lcd_Chr
  _Lcd_Init
  _Lcd_Out
  SETFOV32EEE
  SETFUN32EEE
  NORM3232
  JPNRES032
  JPNSETFUN32
  NORM3232A
  JMPNFIXSIGN32
  NORM32EEE
  NRMRND4032
  NRM4032
  JMPSETFOV32
  NORM4032
  JMPRES032
  JMPSETFUN32
  NORM4032A
  JMPFIXSIGN32
  NRM4032EEE
  USEA32
  JMPEEE
  ALIGNED32
  ALIGNB32
  ALOOPB32
  AOK32
  ACOMP32
  JMPNRMRND4032
  ADD_JMPSETFOV32
  JMPNRM4032
  JMPNRM32
  ADD32EEE
  FPM32
  JPMRES032
  M32BNE0
  MTUN32
  JPMSETFOV32
  MOK32
  JPMSETFUN32
  MLOOP32
  MNOADD32
  MADD32
  MROUND32
  MUL32OK
  MUL32EEE
  L_Div_32x32_FP7
  L_Div_32x32_FP8
  L_Div_32x32_FP9
  L_Div_32x32_FP10
  FPD32
  JPDSETFDZ32
  JPDRES032
  D32BNE0
  TALIGN32
  TS1ALIGN32
  TS2ALIGN32
  DALIGN32OK
  ALTB32
  AGEB32
  JPDSETFOV32
  DARGOK32
  JPDSETFUN32
  DLOOP32
  DS132
  DS232
  DREST32
  DOK32
  DAREST32
  DROUND32
  DIV32OK
  DIV32EEE
  SETIOV3224EEE
  INT3232U
  INT3232UEOK
  SETEXP32U
  SETIOV32U
  TSHIFT3232U
  SHIFT3232UOK
  SHIFT3232U
  INT3232UOK
  JPLSETIOV3224
  IRES032U
  INT3232UEER
  INT3232UEEE
  L_Double2Longword_0
  INT3232
  INT3232EOK
  SETIOV32
  TSHIFT3232
  SHIFT3232OK
  SHIFT3232
  INT3232OK
  JPISETIOV3224
  IRES032
  INT3232EER
  INT3232EEE
  L_Double2Longint_0
  INT3216
  IRES016
  SETIOV16
  TSHIFT3216
  SHIFT3216OK
  SHIFT3216
  INT3216OK
  JPJSETIOV3224
  INT3216EOK
  INT3216EER
  INT3216EEE
  L_Double2Int_0
  INT3216U
  IRES016U
  SETEXP16U
  SETIOV16U
  TSHIFT3216U
  SHIFT3216UOK
  SHIFT3216U
  INT3216UOK
  JPKSETIOV3224
  INT3216UEOK
  INT3216UEER
  INT3216UEEE
  L_Double2Word_0
  INT32U08
  IRES008
  SETEXP08
  SETIOV08
  TSHIFT3208
  SHIFT3208OK
  SHIFT3208
  INT3208OK
  D2B_JPKSETIOV3224
  INT3208EOK
  INT3208EER
  INT3208EEE
  L_Double2Byte_0
  FLO08U32
  FLO1632
  FLO1632EEE
  FLO16U32
  FLO3232
  FLO3232EEE
  FLO32U32
  EQU_FALSE
  COMPARE_EQU
  COMPARE_NOTZERO
  COMPARE_XNOTZERO
  COMPARE_YNOTZERO
  COMPARE_LT
  COMPARE_GT
  COMPARE_TESTALL
  COMPARE_C1
  GT_FALSE
  GT_TRUE
  COMPARE_C2
  COMPARE_C3
  _SETFOV32
  _SETFDZ32
  _FIXSIGN32
  _RES032
  _SETFUN32
  _NRM3232
  _NRM4032
  _Add_32x32_FP
  _Sub_32x32_FP
  _Mul_32x32_FP
  _Div_32x32_FP
  _SETIOV3224
  _Double2Longword
  _Double2Longint
  _Double2Int
  _Double2Word
  _Double2Byte
  _Byte2Double
  _Int2Double
  _Word2Double
  _Longint2Double
  _Longword2Double
  _Equals_Double
  _Compare_Double
  _CC2D_Loop1
  _____DoICP
  _____DoIFC
  ___CC2DW
  _Swap
  L_UART1_Init0
  L_UART1_Init1
  L_UART1_Read2
  L_UART1_Write3
  L_UART1_Write4
  L_UART1_Write_Text5
  L_UART1_Write_Text6
  L_UART1_Read_Text7
  L_UART1_Read_Text8
  L_UART1_Read_Text9
  L_UART1_Read_Text10
  L_UART1_Read_Text11
  L_UART1_Read_Text12
  L_UART1_Read_Text13
  L_UART1_Read_Text14
  L_UART1_Read_Text15
  _UART1_Init
  _UART1_Data_Ready
  _UART1_Read
  _UART1_Tx_Idle
  _UART1_Write
  _UART1_Write_Text
  _UART1_Read_Text
